This is pdfTeX, Version 3.14159265-2.6-1.40.20 (MiKTeX 2.9.7250 64-bit) (preloaded format=pdflatex 2020.1.2)  20 JAN 2020 14:24
entering extended mode
**./Dokument.tex
(Dokument.tex
LaTeX2e <2019-10-01> patch level 3
("C:\Users\Patrick\AppData\Local\Programs\MiKTeX 2.9\tex/latex/base\report.cls"
Document Class: report 2019/10/25 v1.4k Standard LaTeX document class
("C:\Users\Patrick\AppData\Local\Programs\MiKTeX 2.9\tex/latex/base\fleqn.clo"
File: fleqn.clo 2016/12/29 v1.2b Standard LaTeX option (flush left equations)
\mathindent=\dimen102
Applying: [2015/01/01] Make \[ robust on input line 50.
LaTeX Info: Redefining \[ on input line 51.
Already applied: [0000/00/00] Make \[ robust on input line 62.
Applying: [2015/01/01] Make \] robust on input line 74.
LaTeX Info: Redefining \] on input line 75.
Already applied: [0000/00/00] Make \] robust on input line 83.
) ("C:\Users\Patrick\AppData\Local\Programs\MiKTeX 2.9\tex/latex/base\size11.cl
o"
File: size11.clo 2019/10/25 v1.4k Standard LaTeX file (size option)
)
\c@part=\count80
\c@chapter=\count81
\c@section=\count82
\c@subsection=\count83
\c@subsubsection=\count84
\c@paragraph=\count85
\c@subparagraph=\count86
\c@figure=\count87
\c@table=\count88
\abovecaptionskip=\skip41
\belowcaptionskip=\skip42
\bibindent=\dimen103
)
("C:\Users\Patrick\AppData\Local\Programs\MiKTeX 2.9\tex/latex/graphics\graphic
x.sty"
Package: graphicx 2017/06/01 v1.1a Enhanced LaTeX Graphics (DPC,SPQR)

("C:\Users\Patrick\AppData\Local\Programs\MiKTeX 2.9\tex/latex/graphics\keyval.
sty"
Package: keyval 2014/10/28 v1.15 key=value parser (DPC)
\KV@toks@=\toks14
)
("C:\Users\Patrick\AppData\Local\Programs\MiKTeX 2.9\tex/latex/graphics\graphic
s.sty"
Package: graphics 2019/11/01 v1.3d Standard LaTeX Graphics (DPC,SPQR)

("C:\Users\Patrick\AppData\Local\Programs\MiKTeX 2.9\tex/latex/graphics\trig.st
y"
Package: trig 2016/01/03 v1.10 sin cos tan (DPC)
)
("C:\Users\Patrick\AppData\Local\Programs\MiKTeX 2.9\tex/latex/graphics-cfg\gra
phics.cfg"
File: graphics.cfg 2016/06/04 v1.11 sample graphics configuration
)
Package graphics Info: Driver file: dvips.def on input line 105.

("C:\Users\Patrick\AppData\Local\Programs\MiKTeX 2.9\tex/latex/graphics-def\dvi
ps.def"
File: dvips.def 2017/06/20 v3.1d Graphics/color driver for dvips
))
\Gin@req@height=\dimen104
\Gin@req@width=\dimen105
)
("C:\Users\Patrick\AppData\Local\Programs\MiKTeX 2.9\tex/latex/base\inputenc.st
y"
Package: inputenc 2018/08/11 v1.3c Input encoding file
\inpenc@prehook=\toks15
\inpenc@posthook=\toks16
)
("C:\Users\Patrick\AppData\Local\Programs\MiKTeX 2.9\tex/latex/base\fontenc.sty
"
Package: fontenc 2018/08/11 v2.0j Standard LaTeX package
 ("C:\Users\Patrick\AppData\Local\Programs\MiKTeX 2.9\tex/latex/base\t1enc.def"
File: t1enc.def 2018/08/11 v2.0j Standard LaTeX file
LaTeX Font Info:    Redeclaring font encoding T1 on input line 48.
))
("C:\Users\Patrick\AppData\Local\Programs\MiKTeX 2.9\tex/generic/babel\babel.st
y"
Package: babel 2019/11/14 3.36 The Babel package

("C:\Users\Patrick\AppData\Local\Programs\MiKTeX 2.9\tex/generic/babel\switch.d
ef"
File: switch.def 2019/11/14 3.36 Babel switching mechanism
)
*************************************
* Local config file bblopts.cfg used
*

("C:\Users\Patrick\AppData\Local\Programs\MiKTeX 2.9\tex/latex/arabi\bblopts.cf
g"
File: bblopts.cfg 2005/09/08 v0.1 add Arabic and Farsi to "declared" options of
 babel
)
("C:\Users\Patrick\AppData\Local\Programs\MiKTeX 2.9\tex/latex/babel-german\ger
man.ldf"
Language: german 2018/12/08 v2.11 German support for babel (pre-1996 orthograph
y)

("C:\Users\Patrick\AppData\Local\Programs\MiKTeX 2.9\tex/latex/babel-german\ger
manb.ldf"
Language: germanb 2018/12/08 v2.11 German support for babel (pre-1996 orthograp
hy)

("C:\Users\Patrick\AppData\Local\Programs\MiKTeX 2.9\tex/generic/babel\babel.de
f"
File: babel.def 2019/11/14 3.36 Babel common definitions
\babel@savecnt=\count89
\U@D=\dimen106

("C:\Users\Patrick\AppData\Local\Programs\MiKTeX 2.9\tex/generic/babel\txtbabel
.def")
\bbl@dirlevel=\count90
)
Package babel Info: Making " an active character on input line 135.
)))
("C:\Users\Patrick\AppData\Local\Programs\MiKTeX 2.9\tex/latex/parskip\parskip.
sty"
Package: parskip 2019-01-16 v2.0c non-zero parskip adjustments

("C:\Users\Patrick\AppData\Local\Programs\MiKTeX 2.9\tex/latex/oberdiek\kvoptio
ns.sty"
Package: kvoptions 2016/05/16 v3.12 Key value format for package options (HO)

("C:\Users\Patrick\AppData\Local\Programs\MiKTeX 2.9\tex/generic/oberdiek\ltxcm
ds.sty"
Package: ltxcmds 2016/05/16 v1.23 LaTeX kernel commands for general use (HO)
)
("C:\Users\Patrick\AppData\Local\Programs\MiKTeX 2.9\tex/generic/oberdiek\kvset
keys.sty"
Package: kvsetkeys 2016/05/16 v1.17 Key value parser (HO)

("C:\Users\Patrick\AppData\Local\Programs\MiKTeX 2.9\tex/generic/oberdiek\infwa
rerr.sty"
Package: infwarerr 2016/05/16 v1.4 Providing info/warning/error messages (HO)
)
("C:\Users\Patrick\AppData\Local\Programs\MiKTeX 2.9\tex/generic/oberdiek\etexc
mds.sty"
Package: etexcmds 2016/05/16 v1.6 Avoid name clashes with e-TeX commands (HO)

("C:\Users\Patrick\AppData\Local\Programs\MiKTeX 2.9\tex/generic/iftex\ifluatex
.sty"
Package: ifluatex 2019/10/25 v1.5 ifluatex legacy package. Use iftex instead.

("C:\Users\Patrick\AppData\Local\Programs\MiKTeX 2.9\tex/generic/iftex\iftex.st
y"
Package: iftex 2019/11/07 v1.0c TeX engine tests
)))))
("C:\Users\Patrick\AppData\Local\Programs\MiKTeX 2.9\tex/latex/etoolbox\etoolbo
x.sty"
Package: etoolbox 2019/09/21 v2.5h e-TeX tools for LaTeX (JAW)
\etb@tempcnta=\count91
))
("C:\Users\Patrick\AppData\Local\Programs\MiKTeX 2.9\tex/latex/fancyhdr\fancyhd
r.sty"
Package: fancyhdr 2019/01/31 v3.10 Extensive control of page headers and footer
s
\f@nch@headwidth=\skip43
\f@nch@O@elh=\skip44
\f@nch@O@erh=\skip45
\f@nch@O@olh=\skip46
\f@nch@O@orh=\skip47
\f@nch@O@elf=\skip48
\f@nch@O@erf=\skip49
\f@nch@O@olf=\skip50
\f@nch@O@orf=\skip51
)
("C:\Users\Patrick\AppData\Local\Programs\MiKTeX 2.9\tex/latex/caption\caption.
sty"
Package: caption 2019/10/18 v3.4a Customizing captions (AR)

("C:\Users\Patrick\AppData\Local\Programs\MiKTeX 2.9\tex/latex/caption\caption3
.sty"
Package: caption3 2019/09/09 v1.8e caption3 kernel (AR)
Package caption3 Info: TeX engine: e-TeX on input line 64.
\captionmargin=\dimen107
\captionmargin@=\dimen108
\captionwidth=\dimen109
\caption@tempdima=\dimen110
\caption@indent=\dimen111
\caption@parindent=\dimen112
\caption@hangindent=\dimen113
Package caption Info: Standard document class detected.
)
\c@caption@flags=\count92
\c@continuedfloat=\count93
)
("C:\Users\Patrick\AppData\Local\Programs\MiKTeX 2.9\tex/latex/graphics\color.s
ty"
Package: color 2016/07/10 v1.1e Standard LaTeX Color (DPC)

("C:\Users\Patrick\AppData\Local\Programs\MiKTeX 2.9\tex/latex/graphics-cfg\col
or.cfg"
File: color.cfg 2016/01/02 v1.6 sample color configuration
)
Package color Info: Driver file: pdftex.def on input line 147.

("C:\Users\Patrick\AppData\Local\Programs\MiKTeX 2.9\tex/latex/graphics-def\pdf
tex.def"
File: pdftex.def 2018/01/08 v1.0l Graphics/color driver for pdftex
))
("C:\Users\Patrick\AppData\Local\Programs\MiKTeX 2.9\tex/latex/multirow\multiro
w.sty"
Package: multirow 2019/05/31 v2.5 Span multiple rows of a table
\multirow@colwidth=\skip52
\multirow@cntb=\count94
\multirow@dima=\skip53
\bigstrutjot=\dimen114
)
("C:\Users\Patrick\AppData\Local\Programs\MiKTeX 2.9\tex/latex/float\float.sty"
Package: float 2001/11/08 v1.3d Float enhancements (AL)
\c@float@type=\count95
\float@exts=\toks17
\float@box=\box27
\@float@everytoks=\toks18
\@floatcapt=\box28
)
("C:\Users\Patrick\AppData\Local\Programs\MiKTeX 2.9\tex/latex/siunitx\siunitx.
sty"
("C:\Users\Patrick\AppData\Local\Programs\MiKTeX 2.9\tex/latex/l3kernel\expl3.s
ty"
Package: expl3 2019-11-07 L3 programming layer (loader) 

("C:\Users\Patrick\AppData\Local\Programs\MiKTeX 2.9\tex/latex/l3kernel\expl3-c
ode.tex"
Package: expl3 2019-11-07 L3 programming layer (code)
\c_max_int=\count96
\l_tmpa_int=\count97
\l_tmpb_int=\count98
\g_tmpa_int=\count99
\g_tmpb_int=\count100
\l__seq_internal_a_int=\count101
\l__seq_internal_b_int=\count102
\g__kernel_prg_map_int=\count103
\c__ior_term_noprompt_ior=\count104
\c_log_iow=\count105
\l_iow_line_count_int=\count106
\l__iow_line_target_int=\count107
\l__iow_one_indent_int=\count108
\l__iow_indent_int=\count109
\c_zero_dim=\dimen115
\c_max_dim=\dimen116
\l_tmpa_dim=\dimen117
\l_tmpb_dim=\dimen118
\g_tmpa_dim=\dimen119
\g_tmpb_dim=\dimen120
\c_zero_skip=\skip54
\c_max_skip=\skip55
\l_tmpa_skip=\skip56
\l_tmpb_skip=\skip57
\g_tmpa_skip=\skip58
\g_tmpb_skip=\skip59
\c_zero_muskip=\muskip10
\c_max_muskip=\muskip11
\l_tmpa_muskip=\muskip12
\l_tmpb_muskip=\muskip13
\g_tmpa_muskip=\muskip14
\g_tmpb_muskip=\muskip15
\l_keys_choice_int=\count110
\l__intarray_loop_int=\count111
\c__intarray_sp_dim=\dimen121
\g__intarray_font_int=\count112
\c__fp_leading_shift_int=\count113
\c__fp_middle_shift_int=\count114
\c__fp_trailing_shift_int=\count115
\c__fp_big_leading_shift_int=\count116
\c__fp_big_middle_shift_int=\count117
\c__fp_big_trailing_shift_int=\count118
\c__fp_Bigg_leading_shift_int=\count119
\c__fp_Bigg_middle_shift_int=\count120
\c__fp_Bigg_trailing_shift_int=\count121
\c__kernel_randint_max_int=\count122
\g__fp_array_int=\count123
\l__fp_array_loop_int=\count124
\l__sort_length_int=\count125
\l__sort_min_int=\count126
\l__sort_top_int=\count127
\l__sort_max_int=\count128
\l__sort_true_max_int=\count129
\l__sort_block_int=\count130
\l__sort_begin_int=\count131
\l__sort_end_int=\count132
\l__sort_A_int=\count133
\l__sort_B_int=\count134
\l__sort_C_int=\count135
\l__str_internal_int=\count136
\c__str_replacement_char_int=\count137
\l__tl_analysis_normal_int=\count138
\l__tl_analysis_index_int=\count139
\l__tl_analysis_nesting_int=\count140
\l__tl_analysis_type_int=\count141
\l__regex_internal_a_int=\count142
\l__regex_internal_b_int=\count143
\l__regex_internal_c_int=\count144
\l__regex_balance_int=\count145
\l__regex_group_level_int=\count146
\l__regex_mode_int=\count147
\c__regex_cs_in_class_mode_int=\count148
\c__regex_cs_mode_int=\count149
\l__regex_catcodes_int=\count150
\l__regex_default_catcodes_int=\count151
\c__regex_catcode_D_int=\count152
\c__regex_catcode_S_int=\count153
\c__regex_catcode_L_int=\count154
\c__regex_catcode_O_int=\count155
\c__regex_catcode_A_int=\count156
\c__regex_all_catcodes_int=\count157
\l__regex_show_lines_int=\count158
\l__regex_min_state_int=\count159
\l__regex_max_state_int=\count160
\l__regex_left_state_int=\count161
\l__regex_right_state_int=\count162
\l__regex_capturing_group_int=\count163
\l__regex_min_pos_int=\count164
\l__regex_max_pos_int=\count165
\l__regex_curr_pos_int=\count166
\l__regex_start_pos_int=\count167
\l__regex_success_pos_int=\count168
\l__regex_curr_char_int=\count169
\l__regex_curr_catcode_int=\count170
\l__regex_last_char_int=\count171
\l__regex_case_changed_char_int=\count172
\l__regex_curr_state_int=\count173
\l__regex_step_int=\count174
\l__regex_min_active_int=\count175
\l__regex_max_active_int=\count176
\l__regex_replacement_csnames_int=\count177
\l__regex_match_count_int=\count178
\l__regex_min_submatch_int=\count179
\l__regex_submatch_int=\count180
\l__regex_zeroth_submatch_int=\count181
\g__regex_trace_regex_int=\count182
\c_empty_box=\box29
\l_tmpa_box=\box30
\l_tmpb_box=\box31
\g_tmpa_box=\box32
\g_tmpb_box=\box33
\l__box_top_dim=\dimen122
\l__box_bottom_dim=\dimen123
\l__box_left_dim=\dimen124
\l__box_right_dim=\dimen125
\l__box_top_new_dim=\dimen126
\l__box_bottom_new_dim=\dimen127
\l__box_left_new_dim=\dimen128
\l__box_right_new_dim=\dimen129
\l__box_internal_box=\box34
\l__coffin_internal_box=\box35
\l__coffin_internal_dim=\dimen130
\l__coffin_offset_x_dim=\dimen131
\l__coffin_offset_y_dim=\dimen132
\l__coffin_x_dim=\dimen133
\l__coffin_y_dim=\dimen134
\l__coffin_x_prime_dim=\dimen135
\l__coffin_y_prime_dim=\dimen136
\c_empty_coffin=\box36
\l__coffin_aligned_coffin=\box37
\l__coffin_aligned_internal_coffin=\box38
\l_tmpa_coffin=\box39
\l_tmpb_coffin=\box40
\g_tmpa_coffin=\box41
\g_tmpb_coffin=\box42
\l__coffin_bounding_shift_dim=\dimen137
\l__coffin_left_corner_dim=\dimen138
\l__coffin_right_corner_dim=\dimen139
\l__coffin_bottom_corner_dim=\dimen140
\l__coffin_top_corner_dim=\dimen141
\l__coffin_scaled_total_height_dim=\dimen142
\l__coffin_scaled_width_dim=\dimen143
\c__coffin_empty_coffin=\box43
\l__coffin_display_coffin=\box44
\l__coffin_display_coord_coffin=\box45
\l__coffin_display_pole_coffin=\box46
\l__coffin_display_offset_dim=\dimen144
\l__coffin_display_x_dim=\dimen145
\l__coffin_display_y_dim=\dimen146
\g__char_data_ior=\read1

("C:\Users\Patrick\AppData\Local\Programs\MiKTeX 2.9\tex/latex/l3kernel\l3depre
cation.def"
File: l3deprecation.def 2019-04-06 v L3 Deprecated functions
))
("C:\Users\Patrick\AppData\Local\Programs\MiKTeX 2.9\tex/latex/l3backend\l3back
end-pdfmode.def"
File: l3backend-pdfmode.def 2019-04-06 L3 backend support: PDF mode
\l__kernel_color_stack_int=\count183
\l__pdf_internal_box=\box47
))
("C:\Users\Patrick\AppData\Local\Programs\MiKTeX 2.9\tex/latex/l3packages/xpars
e\xparse.sty"
Package: xparse 2019-10-11 L3 Experimental document command parser
\l__xparse_current_arg_int=\count184
\g__xparse_grabber_int=\count185
\l__xparse_m_args_int=\count186
\l__xparse_v_nesting_int=\count187
)
Package: siunitx 2019/10/10 v2.7t A comprehensive (SI) units package

("C:\Users\Patrick\AppData\Local\Programs\MiKTeX 2.9\tex/latex/amsmath\amstext.
sty"
Package: amstext 2000/06/29 v2.01 AMS text

("C:\Users\Patrick\AppData\Local\Programs\MiKTeX 2.9\tex/latex/amsmath\amsgen.s
ty"
File: amsgen.sty 1999/11/30 v2.0 generic functions
\@emptytoks=\toks19
\ex@=\dimen147
))
("C:\Users\Patrick\AppData\Local\Programs\MiKTeX 2.9\tex/latex/tools\array.sty"
Package: array 2019/08/31 v2.4l Tabular extension package (FMi)
\col@sep=\dimen148
\ar@mcellbox=\box48
\extrarowheight=\dimen149
\NC@list=\toks20
\extratabsurround=\skip60
\backup@length=\skip61
\ar@cellbox=\box49
)
("C:\Users\Patrick\AppData\Local\Programs\MiKTeX 2.9\tex/latex/l3packages/l3key
s2e\l3keys2e.sty"
Package: l3keys2e 2019-10-11 LaTeX2e option processing using LaTeX3 keys
)
\l__siunitx_tmp_box=\box50
\l__siunitx_tmp_dim=\dimen150
\l__siunitx_tmp_int=\count188
\l__siunitx_number_mantissa_length_int=\count189
\l__siunitx_number_uncert_length_int=\count190
\l__siunitx_round_int=\count191
\l__siunitx_process_decimal_int=\count192
\l__siunitx_process_uncertainty_int=\count193
\l__siunitx_process_fixed_int=\count194
\l__siunitx_process_integer_min_int=\count195
\l__siunitx_process_precision_int=\count196
\l__siunitx_group_min_int=\count197
\l__siunitx_angle_marker_box=\box51
\l__siunitx_angle_unit_box=\box52
\l__siunitx_angle_marker_dim=\dimen151
\l__siunitx_angle_unit_dim=\dimen152
\l__siunitx_unit_int=\count198
\l__siunitx_unit_denominator_int=\count199
\l__siunitx_unit_numerator_int=\count266
\l__siunitx_unit_prefix_int=\count267
\l__siunitx_unit_prefix_base_int=\count268
\l__siunitx_unit_prefix_gram_int=\count269
\l__siunitx_number_product_int=\count270
\c__siunitx_one_fill_skip=\skip62
\l__siunitx_table_unit_align_skip=\skip63
\l__siunitx_table_exponent_dim=\dimen153
\l__siunitx_table_integer_dim=\dimen154
\l__siunitx_table_mantissa_dim=\dimen155
\l__siunitx_table_marker_dim=\dimen156
\l__siunitx_table_result_dim=\dimen157
\l__siunitx_table_uncert_dim=\dimen158
\l__siunitx_table_fill_pre_dim=\dimen159
\l__siunitx_table_fill_post_dim=\dimen160
\l__siunitx_table_fill_mid_dim=\dimen161
\l__siunitx_table_pre_box=\box53
\l__siunitx_table_post_box=\box54
\l__siunitx_table_mantissa_box=\box55
\l__siunitx_table_result_box=\box56
\l__siunitx_table_number_align_skip=\skip64
\l__siunitx_table_text_align_skip=\skip65

("C:\Users\Patrick\AppData\Local\Programs\MiKTeX 2.9\tex/latex/translator\trans
lator.sty"
Package: translator 2019-05-31 v1.12a Easy translation of strings in LaTeX
))
("C:\Users\Patrick\AppData\Local\Programs\MiKTeX 2.9\tex/latex/amsmath\amsmath.
sty"
Package: amsmath 2019/11/16 v2.17d AMS math features
\@mathmargin=\skip66

For additional information on amsmath, use the `?' option.

("C:\Users\Patrick\AppData\Local\Programs\MiKTeX 2.9\tex/latex/amsmath\amsbsy.s
ty"
Package: amsbsy 1999/11/29 v1.2d Bold Symbols
\pmbraise@=\dimen162
)
("C:\Users\Patrick\AppData\Local\Programs\MiKTeX 2.9\tex/latex/amsmath\amsopn.s
ty"
Package: amsopn 2016/03/08 v2.02 operator names
)
\inf@bad=\count271
LaTeX Info: Redefining \frac on input line 227.
\uproot@=\count272
\leftroot@=\count273
LaTeX Info: Redefining \overline on input line 389.
\classnum@=\count274
\DOTSCASE@=\count275
LaTeX Info: Redefining \ldots on input line 486.
LaTeX Info: Redefining \dots on input line 489.
LaTeX Info: Redefining \cdots on input line 610.
\Mathstrutbox@=\box57
\strutbox@=\box58
\big@size=\dimen163
LaTeX Font Info:    Redeclaring font encoding OML on input line 733.
LaTeX Font Info:    Redeclaring font encoding OMS on input line 734.
\macc@depth=\count276
\c@MaxMatrixCols=\count277
\dotsspace@=\muskip16
\c@parentequation=\count278
\dspbrk@lvl=\count279
\tag@help=\toks21
\row@=\count280
\column@=\count281
\maxfields@=\count282
\andhelp@=\toks22
\eqnshift@=\dimen164
\alignsep@=\dimen165
\tagshift@=\dimen166
\tagwidth@=\dimen167
\totwidth@=\dimen168
\lineht@=\dimen169
\@envbody=\toks23
\multlinegap=\skip67
\multlinetaggap=\skip68
\mathdisplay@stack=\toks24
LaTeX Info: Redefining \[ on input line 2858.
LaTeX Info: Redefining \] on input line 2859.
)
("C:\Users\Patrick\AppData\Local\Programs\MiKTeX 2.9\tex/latex/subfig\subfig.st
y"
Package: subfig 2005/06/28 ver: 1.3 subfig package
\c@KVtest=\count283
\sf@farskip=\skip69
\sf@captopadj=\dimen170
\sf@capskip=\skip70
\sf@nearskip=\skip71
\c@subfigure=\count284
\c@subfigure@save=\count285
\c@lofdepth=\count286
\c@subtable=\count287
\c@subtable@save=\count288
\c@lotdepth=\count289
\sf@top=\skip72
\sf@bottom=\skip73
)
("C:\Users\Patrick\AppData\Local\Programs\MiKTeX 2.9\tex/latex/setspace\setspac
e.sty"
Package: setspace 2011/12/19 v6.7a set line spacing
)
("C:\Users\Patrick\AppData\Local\Programs\MiKTeX 2.9\tex/latex/blindtext\blindt
ext.sty"
Package: blindtext 2012/01/06 V2.0 blindtext-Package

("C:\Users\Patrick\AppData\Local\Programs\MiKTeX 2.9\tex/latex/tools\xspace.sty
"
Package: xspace 2014/10/28 v1.13 Space after command names (DPC,MH)
)
\c@blindtext=\count290
\c@Blindtext=\count291
\c@blind@countparstart=\count292
\blind@countxx=\count293
\blindtext@numBlindtext=\count294
\blind@countyy=\count295
\c@blindlist=\count296
\c@blindlistlevel=\count297
\c@blindlist@level=\count298
\blind@listitem=\count299
\c@blind@listcount=\count300
\c@blind@levelcount=\count301
\blind@mathformula=\count302
\blind@Mathformula=\count303
\c@blind@randomcount=\count304
\c@blind@randommax=\count305
\c@blind@pangramcount=\count306
\c@blind@pangrammax=\count307
)
("C:\Users\Patrick\AppData\Local\Programs\MiKTeX 2.9\tex/latex/amsfonts\amssymb
.sty"
Package: amssymb 2013/01/14 v3.01 AMS font symbols

("C:\Users\Patrick\AppData\Local\Programs\MiKTeX 2.9\tex/latex/amsfonts\amsfont
s.sty"
Package: amsfonts 2013/01/14 v3.01 Basic AMSFonts support
\symAMSa=\mathgroup4
\symAMSb=\mathgroup5
LaTeX Font Info:    Redeclaring math symbol \hbar on input line 98.
LaTeX Font Info:    Overwriting math alphabet `\mathfrak' in version `bold'
(Font)                  U/euf/m/n --> U/euf/b/n on input line 106.
))
("C:\Users\Patrick\AppData\Local\Programs\MiKTeX 2.9\tex/latex/tools\calc.sty"
Package: calc 2017/05/25 v4.3 Infix arithmetic (KKT,FJ)
\calc@Acount=\count308
\calc@Bcount=\count309
\calc@Adimen=\dimen171
\calc@Bdimen=\dimen172
\calc@Askip=\skip74
\calc@Bskip=\skip75
LaTeX Info: Redefining \setlength on input line 80.
LaTeX Info: Redefining \addtolength on input line 81.
\calc@Ccount=\count310
\calc@Cskip=\skip76
) (Dokument.aux (Kapitel/Letzte_Seite.aux) (Kapitel/eid_erkl.aux))
\openout1 = `Dokument.aux'.

LaTeX Font Info:    Checking defaults for OML/cmm/m/it on input line 122.
LaTeX Font Info:    ... okay on input line 122.
LaTeX Font Info:    Checking defaults for T1/cmr/m/n on input line 122.
LaTeX Font Info:    ... okay on input line 122.
LaTeX Font Info:    Checking defaults for OT1/cmr/m/n on input line 122.
LaTeX Font Info:    ... okay on input line 122.
LaTeX Font Info:    Checking defaults for OMS/cmsy/m/n on input line 122.
LaTeX Font Info:    ... okay on input line 122.
LaTeX Font Info:    Checking defaults for OMX/cmex/m/n on input line 122.
LaTeX Font Info:    ... okay on input line 122.
LaTeX Font Info:    Checking defaults for U/cmr/m/n on input line 122.
LaTeX Font Info:    ... okay on input line 122.
Package caption Info: Begin \AtBeginDocument code.
Package caption Info: subfig package v1.3 is loaded.
Package caption Info: float package is loaded.
Package caption Info: End \AtBeginDocument code.

("C:\Users\Patrick\AppData\Local\Programs\MiKTeX 2.9\tex/context/base/mkii\supp
-pdf.mkii"
[Loading MPS to PDF converter (version 2006.09.02).]
\scratchcounter=\count311
\scratchdimen=\dimen173
\scratchbox=\box59
\nofMPsegments=\count312
\nofMParguments=\count313
\everyMPshowfont=\toks25
\MPscratchCnt=\count314
\MPscratchDim=\dimen174
\MPnumerator=\count315
\makeMPintoPDFobject=\count316
\everyMPtoPDFconversion=\toks26
)
("C:\Users\Patrick\AppData\Local\Programs\MiKTeX 2.9\tex/latex/epstopdf-pkg\eps
topdf-base.sty"
Package: epstopdf-base 2019/11/24 v2.7 Base part for package epstopdf

("C:\Users\Patrick\AppData\Local\Programs\MiKTeX 2.9\tex/latex/oberdiek\grfext.
sty"
Package: grfext 2016/05/16 v1.2 Manage graphics extensions (HO)

("C:\Users\Patrick\AppData\Local\Programs\MiKTeX 2.9\tex/generic/oberdiek\kvdef
inekeys.sty"
Package: kvdefinekeys 2016/05/16 v1.4 Define keys (HO)
))
("C:\Users\Patrick\AppData\Local\Programs\MiKTeX 2.9\tex/latex/pdftexcmds\pdfte
xcmds.sty"
Package: pdftexcmds 2019/11/24 v0.31 Utility functions of pdfTeX for LuaTeX (HO
)
Package pdftexcmds Info: \pdf@primitive is available.
Package pdftexcmds Info: \pdf@ifprimitive is available.
Package pdftexcmds Info: \pdfdraftmode found.
)
Package epstopdf-base Info: Redefining graphics rule for `.eps' on input line 4
42.
Package grfext Info: Graphics extension search list:
(grfext)             [.pdf,.png,.jpg,.mps,.jpeg,.jbig2,.jb2,.PDF,.PNG,.JPG,.JPE
G,.JBIG2,.JB2,.eps]
(grfext)             \AppendGraphicsExtensions on input line 460.
)
Now handling font encoding TS1 ...
... processing UTF-8 mapping file for font encoding TS1

("C:\Users\Patrick\AppData\Local\Programs\MiKTeX 2.9\tex/latex/base\ts1enc.dfu"
File: ts1enc.dfu 2019/07/11 v1.2j UTF-8 support for inputenc
   defining Unicode char U+00A2 (decimal 162)
   defining Unicode char U+00A3 (decimal 163)
   defining Unicode char U+00A4 (decimal 164)
   defining Unicode char U+00A5 (decimal 165)
   defining Unicode char U+00A6 (decimal 166)
   defining Unicode char U+00A7 (decimal 167)
   defining Unicode char U+00A8 (decimal 168)
   defining Unicode char U+00A9 (decimal 169)
   defining Unicode char U+00AA (decimal 170)
   defining Unicode char U+00AC (decimal 172)
   defining Unicode char U+00AE (decimal 174)
   defining Unicode char U+00AF (decimal 175)
   defining Unicode char U+00B0 (decimal 176)
   defining Unicode char U+00B1 (decimal 177)
   defining Unicode char U+00B2 (decimal 178)
   defining Unicode char U+00B3 (decimal 179)
   defining Unicode char U+00B4 (decimal 180)
   defining Unicode char U+00B5 (decimal 181)
   defining Unicode char U+00B6 (decimal 182)
   defining Unicode char U+00B7 (decimal 183)
   defining Unicode char U+00B9 (decimal 185)
   defining Unicode char U+00BA (decimal 186)
   defining Unicode char U+00BC (decimal 188)
   defining Unicode char U+00BD (decimal 189)
   defining Unicode char U+00BE (decimal 190)
   defining Unicode char U+00D7 (decimal 215)
   defining Unicode char U+00F7 (decimal 247)
   defining Unicode char U+0192 (decimal 402)
   defining Unicode char U+02C7 (decimal 711)
   defining Unicode char U+02D8 (decimal 728)
   defining Unicode char U+02DD (decimal 733)
   defining Unicode char U+0E3F (decimal 3647)
   defining Unicode char U+2016 (decimal 8214)
   defining Unicode char U+2020 (decimal 8224)
   defining Unicode char U+2021 (decimal 8225)
   defining Unicode char U+2022 (decimal 8226)
   defining Unicode char U+2030 (decimal 8240)
   defining Unicode char U+2031 (decimal 8241)
   defining Unicode char U+203B (decimal 8251)
   defining Unicode char U+203D (decimal 8253)
   defining Unicode char U+2044 (decimal 8260)
   defining Unicode char U+204E (decimal 8270)
   defining Unicode char U+2052 (decimal 8274)
   defining Unicode char U+20A1 (decimal 8353)
   defining Unicode char U+20A4 (decimal 8356)
   defining Unicode char U+20A6 (decimal 8358)
   defining Unicode char U+20A9 (decimal 8361)
   defining Unicode char U+20AB (decimal 8363)
   defining Unicode char U+20AC (decimal 8364)
   defining Unicode char U+20B1 (decimal 8369)
   defining Unicode char U+2103 (decimal 8451)
   defining Unicode char U+2116 (decimal 8470)
   defining Unicode char U+2117 (decimal 8471)
   defining Unicode char U+211E (decimal 8478)
   defining Unicode char U+2120 (decimal 8480)
   defining Unicode char U+2122 (decimal 8482)
   defining Unicode char U+2126 (decimal 8486)
   defining Unicode char U+2127 (decimal 8487)
   defining Unicode char U+212E (decimal 8494)
   defining Unicode char U+2190 (decimal 8592)
   defining Unicode char U+2191 (decimal 8593)
   defining Unicode char U+2192 (decimal 8594)
   defining Unicode char U+2193 (decimal 8595)
   defining Unicode char U+2329 (decimal 9001)
   defining Unicode char U+232A (decimal 9002)
   defining Unicode char U+2422 (decimal 9250)
   defining Unicode char U+25E6 (decimal 9702)
   defining Unicode char U+25EF (decimal 9711)
   defining Unicode char U+266A (decimal 9834)
   defining Unicode char U+27E8 (decimal 10216)
   defining Unicode char U+27E9 (decimal 10217)
   defining Unicode char U+FEFF (decimal 65279)
)
("C:\Users\Patrick\AppData\Local\Programs\MiKTeX 2.9\tex/latex/translator\trans
lator-basic-dictionary-English.dict"
Dictionary: translator-basic-dictionary, Language: English 
)
("C:\Users\Patrick\AppData\Local\Programs\MiKTeX 2.9\tex/latex/siunitx\siunitx-
abbreviations.cfg"
File: siunitx-abbreviations.cfg 2017/11/26 v2.7k siunitx: Abbreviated units
)
LaTeX Font Info:    Trying to load font information for U+msa on input line 122
.

("C:\Users\Patrick\AppData\Local\Programs\MiKTeX 2.9\tex/latex/amsfonts\umsa.fd
"
File: umsa.fd 2013/01/14 v3.01 AMS symbols A
)
LaTeX Font Info:    Trying to load font information for U+msb on input line 122
.

("C:\Users\Patrick\AppData\Local\Programs\MiKTeX 2.9\tex/latex/amsfonts\umsb.fd
"
File: umsb.fd 2013/01/14 v3.01 AMS symbols B
) (Kapitel/Titelseite.tex
<./Bilder/TUBraunschweig_4C.pdf, id=1, 199.74625pt x 74.2775pt>
File: ./Bilder/TUBraunschweig_4C.pdf Graphic file (type pdf)
<use ./Bilder/TUBraunschweig_4C.pdf>
Package pdftex.def Info: ./Bilder/TUBraunschweig_4C.pdf  used on input line 11.

(pdftex.def)             Requested size: 227.62204pt x 84.64775pt.
<./Bilder/ifw_logo.pdf, id=2, 657.2053pt x 189.70876pt>
File: ./Bilder/ifw_logo.pdf Graphic file (type pdf)
<use ./Bilder/ifw_logo.pdf>
Package pdftex.def Info: ./Bilder/ifw_logo.pdf  used on input line 11.
(pdftex.def)             Requested size: 273.14922pt x 78.84634pt.

Overfull \hbox (263.62207pt too wide) in paragraph at lines 8--14
 [] 
 []


Overfull \hbox (19.45007pt too wide) in paragraph at lines 54--66
 [] 
 []

[1
Non-PDF special ignored!
<special> papersize=597.50787pt,845.04684pt

{C:/Users/Patrick/AppData/Local/MiKTeX/2.9/pdftex/config/pdftex.map} <./Bilder/
ifw_logo.pdf> <./Bilder/TUBraunschweig_4C.pdf>]) (Dokument.toc)
\tf@toc=\write3
\openout3 = `Dokument.toc'.

 [1



]
(Kapitel/Nomenklatur.tex

! LaTeX Error: Undefined tab position.

See the LaTeX manual or LaTeX Companion for explanation.
Type  H <return>  for immediate help.
 ...                                              
                                                  
l.23 	$\epsilon$ \>
                    Dehnung \\[0.2ex]
You're in trouble here.  Try typing  <return>  to proceed.
If that doesn't work, type  X <return>  to quit.


! LaTeX Error: Undefined tab position.

See the LaTeX manual or LaTeX Companion for explanation.
Type  H <return>  for immediate help.
 ...                                              
                                                  
l.24 	$\sigma$ \>
                  Spannung \\[0.2ex]
You're in trouble here.  Try typing  <return>  to proceed.
If that doesn't work, type  X <return>  to quit.


LaTeX Warning: No positions in optional float specifier.
               Default added (so using `tbp') on input line 31.

) (Kapitel/Einleitung.tex [1

]
Kapitel 1.

LaTeX Warning: Citation `Lutjering.2007' on page 2 undefined on input line 5.


LaTeX Warning: Citation `ASMInternational.2020' on page 2 undefined on input li
ne 5.


LaTeX Warning: Citation `Lutjering.2007' on page 2 undefined on input line 8.

) (Kapitel/Metallurgie.tex [2

]
Kapitel 2.

LaTeX Warning: Citation `C.Leyens.2005' on page 3 undefined on input line 5.


LaTeX Warning: Citation `Lutjering.2007' on page 3 undefined on input line 5.

<./Bilder/hcp.png, id=33, 181.42781pt x 198.7425pt>
File: ./Bilder/hcp.png Graphic file (type png)
<use ./Bilder/hcp.png>
Package pdftex.def Info: ./Bilder/hcp.png  used on input line 10.
(pdftex.def)             Requested size: 136.5746pt x 149.61145pt.
<Bilder/krz.png, id=34, 178.41656pt x 178.41656pt>
File: Bilder/krz.png Graphic file (type png)
<use Bilder/krz.png>
Package pdftex.def Info: Bilder/krz.png  used on input line 13.
(pdftex.def)             Requested size: 136.5746pt x 136.58076pt.
[3

 <./Bilder/hcp.png (PNG copy)> <./Bilder/krz.png (PNG copy)>]
<./Bilder/Tabelle 1.png, id=40, 1818.795pt x 720.44156pt>
File: ./Bilder/Tabelle 1.png Graphic file (type png)
<use ./Bilder/Tabelle 1.png>
Package pdftex.def Info: ./Bilder/Tabelle 1.png  used on input line 28.
(pdftex.def)             Requested size: 409.71689pt x 162.29022pt.


LaTeX Warning: Citation `Lutjering.2007' on page 4 undefined on input line 29.


LaTeX Warning: Citation `Lutjering.2007' on page 4 undefined on input line 29.


LaTeX Warning: Citation `Lutjering.2007' on page 4 undefined on input line 33.


LaTeX Warning: Citation `C.Leyens.2005' on page 4 undefined on input line 38.


LaTeX Warning: Citation `C.Leyens.2005' on page 4 undefined on input line 41.


LaTeX Warning: Citation `Lutjering.2007' on page 4 undefined on input line 41.


LaTeX Warning: Citation `Boyer.2007' on page 4 undefined on input line 41.


LaTeX Warning: Citation `M.J.Donachie.2010' on page 4 undefined on input line 4
1.


Package Fancyhdr Warning: \headheight is too small (12.0pt): 
Make it at least 13.59999pt.
We now make it that large for the rest of the document.
This may cause the page layout to be inconsistent, however.

[4 <./Bilder/Tabelle 1.png>]

LaTeX Warning: Citation `C.Leyens.2005' on page 5 undefined on input line 44.


LaTeX Warning: Citation `Lutjering.2007' on page 5 undefined on input line 44.


LaTeX Warning: Citation `Boyer.2007' on page 5 undefined on input line 44.


LaTeX Warning: Citation `M.J.Donachie.2010' on page 5 undefined on input line 4
4.


LaTeX Warning: Citation `C.Leyens.2005' on page 5 undefined on input line 49.


LaTeX Warning: Citation `Lutjering.2007' on page 5 undefined on input line 49.


LaTeX Warning: Citation `Boyer.2007' on page 5 undefined on input line 49.


LaTeX Warning: Citation `M.J.Donachie.2010' on page 5 undefined on input line 4
9.


LaTeX Warning: Citation `C.Leyens.2005' on page 5 undefined on input line 51.


LaTeX Warning: Citation `Lutjering.2007' on page 5 undefined on input line 51.


LaTeX Warning: Citation `Boyer.2007' on page 5 undefined on input line 51.


LaTeX Warning: Citation `M.J.Donachie.2010' on page 5 undefined on input line 5
1.


LaTeX Warning: Citation `C.Leyens.2005' on page 5 undefined on input line 53.


LaTeX Warning: Citation `Lutjering.2007' on page 5 undefined on input line 53.


LaTeX Warning: Citation `Boyer.2007' on page 5 undefined on input line 53.

LaTeX Font Info:    Trying to load font information for OMS+cmr on input line 5
8.
("C:\Users\Patrick\AppData\Local\Programs\MiKTeX 2.9\tex/latex/base\omscmr.fd"
File: omscmr.fd 2014/09/29 v2.5h Standard LaTeX font definitions
)
LaTeX Font Info:    Font shape `OMS/cmr/m/n' in size <10.95> not available
(Font)              Font shape `OMS/cmsy/m/n' tried instead on input line 58.

LaTeX Warning: Citation `Lutjering.2007' on page 5 undefined on input line 60.


LaTeX Warning: Citation `Lutjering.2007' on page 5 undefined on input line 62.

[5]
<./Bilder/Abbildung 3.png, id=51, 1127.71312pt x 884.55469pt>
File: ./Bilder/Abbildung 3.png Graphic file (type png)
<use ./Bilder/Abbildung 3.png>
Package pdftex.def Info: ./Bilder/Abbildung 3.png  used on input line 66.
(pdftex.def)             Requested size: 318.66946pt x 249.95465pt.


LaTeX Warning: Citation `Lutjering.2007' on page 6 undefined on input line 67.


LaTeX Warning: Citation `Lutjering.2007' on page 6 undefined on input line 67.

<./Bilder/Abbildung 5.png, id=52, 843.15pt x 618.05907pt>
File: ./Bilder/Abbildung 5.png Graphic file (type png)
<use ./Bilder/Abbildung 5.png>
Package pdftex.def Info: ./Bilder/Abbildung 5.png  used on input line 73.
(pdftex.def)             Requested size: 318.66946pt x 233.60115pt.

LaTeX Warning: Citation `Lutjering.2007' on page 6 undefined on input line 74.


LaTeX Warning: Citation `Lutjering.2007' on page 6 undefined on input line 74.


Underfull \vbox (badness 10000) has occurred while \output is active []

 [6 <./Bilder/Abbildung 3.png> <./Bilder/Abbildung 5.png>]
<./Bilder/Abbildung 4.png, id=58, 1292.57906pt x 979.40906pt>
File: ./Bilder/Abbildung 4.png Graphic file (type png)
<use ./Bilder/Abbildung 4.png>
Package pdftex.def Info: ./Bilder/Abbildung 4.png  used on input line 82.
(pdftex.def)             Requested size: 273.14922pt x 206.9672pt.
<./Bilder/Gefüge-Phasendiagramm.png, id=59, 1548.53531pt x 925.95938pt>
File: ./Bilder/Gefüge-Phasendiagramm.png Graphic file (type png)
<use ./Bilder/Gefüge-Phasendiagramm.png>
Package pdftex.def Info: ./Bilder/Gefüge-Phasendiagramm.png  used on input lin
e 93.
(pdftex.def)             Requested size: 409.71689pt x 244.98245pt.

Underfull \vbox (badness 10000) has occurred while \output is active []

 [7 <./Bilder/Abbildung 4.png> <./Bilder/Gefüge-Phasendiagramm.png>]

LaTeX Warning: Citation `C.Leyens.2005' on page 8 undefined on input line 106.


LaTeX Warning: Citation `Lutjering.2007' on page 8 undefined on input line 106.



LaTeX Warning: Citation `M.J.Donachie.2010' on page 8 undefined on input line 1
06.


LaTeX Warning: Citation `C.Leyens.2005' on page 8 undefined on input line 110.


LaTeX Warning: Citation `Lutjering.2007' on page 8 undefined on input line 110.



LaTeX Warning: Citation `Boyer.2007' on page 8 undefined on input line 112.


LaTeX Warning: Citation `M.J.Donachie.2010' on page 8 undefined on input line 1
12.


LaTeX Warning: Citation `C.Leyens.2005' on page 8 undefined on input line 115.


LaTeX Warning: Citation `Lutjering.2007' on page 8 undefined on input line 115.



LaTeX Warning: Citation `M.J.Donachie.2010' on page 8 undefined on input line 1
15.


LaTeX Warning: Citation `C.Leyens.2005' on page 8 undefined on input line 117.


LaTeX Warning: Citation `Lutjering.2007' on page 8 undefined on input line 117.



LaTeX Warning: Citation `Boyer.2007' on page 8 undefined on input line 117.


LaTeX Warning: Citation `M.J.Donachie.2010' on page 8 undefined on input line 1
17.


LaTeX Warning: Citation `C.Leyens.2005' on page 8 undefined on input line 119.


LaTeX Warning: Citation `Lutjering.2007' on page 8 undefined on input line 119.



LaTeX Warning: Citation `Boyer.2007' on page 8 undefined on input line 119.


LaTeX Warning: Citation `C.Leyens.2005' on page 8 undefined on input line 119.


LaTeX Warning: Citation `Lutjering.2007' on page 8 undefined on input line 119.



LaTeX Warning: Citation `M.J.Donachie.2010' on page 8 undefined on input line 1
19.


LaTeX Warning: Citation `C.Leyens.2005' on page 8 undefined on input line 122.


LaTeX Warning: Citation `R.R.Boyer.1996' on page 8 undefined on input line 122.



LaTeX Warning: Citation `M.PetersJ.KumpfertC.WardC.Leyens.2003' on page 8 undef
ined on input line 122.


LaTeX Warning: Citation `Lutjering.2007' on page 8 undefined on input line 122.



LaTeX Warning: Citation `A.D.Khawajia.2008' on page 8 undefined on input line 1
22.


LaTeX Warning: Citation `M.GeethaA.K.SinghR.AsokamaniA.K.Gogia.2009' on page 8 
undefined on input line 122.


LaTeX Warning: Citation `C.Leyens.2005' on page 8 undefined on input line 122.

[8]

Package caption Warning: \label without proper reference on input line 137.
See the caption package documentation for explanation.


LaTeX Warning: Reference `tab:PD-Ti6242' on page 9 undefined on input line 129.



Package caption Warning: \label without proper reference on input line 166.
See the caption package documentation for explanation.


LaTeX Warning: Reference `tab:Zusammensetzung' on page 9 undefined on input lin
e 130.

<Bilder/Phasendiagram.png, id=68, 387.69844pt x 379.4175pt>
File: Bilder/Phasendiagram.png Graphic file (type png)
<use Bilder/Phasendiagram.png>
Package pdftex.def Info: Bilder/Phasendiagram.png  used on input line 135.
(pdftex.def)             Requested size: 227.62204pt x 222.76018pt.
[9 <./Bilder/Phasendiagram.png>]

LaTeX Warning: Reference `fig:abbildung-7' on page 10 undefined on input line 1
76.

<Bilder/Abbildung 4.png, id=73, 1292.57906pt x 979.40906pt>
File: Bilder/Abbildung 4.png Graphic file (type png)
<use Bilder/Abbildung 4.png>
Package pdftex.def Info: Bilder/Abbildung 4.png  used on input line 183.
(pdftex.def)             Requested size: 364.19664pt x 275.9513pt.

LaTeX Warning: Citation `Lutjering.2007' on page 10 undefined on input line 189
.

[10 <./Bilder/Abbildung 4.png>]

! LaTeX Error: File `Bilder/TiAl2' not found.

See the LaTeX manual or LaTeX Companion for explanation.
Type  H <return>  for immediate help.
 ...                                              
                                                  
l.194 ...aphics[width=0.6\textwidth]{Bilder/TiAl2}
                                                  
I could not locate the file with any of these extensions:
.pdf,.png,.jpg,.mps,.jpeg,.jbig2,.jb2,.PDF,.PNG,.JPG,.JPEG,.JBIG2,.JB2,.eps
Try typing  <return>  to proceed.
If that doesn't work, type  X <return>  to quit.


LaTeX Warning: Reference `Titanallg' on page 11 undefined on input line 204.


Package caption Warning: \label without proper reference on input line 137.
See the caption package documentation for explanation.


LaTeX Warning: Reference `tab:PD-Ti6242' on page 11 undefined on input line 205
.


LaTeX Warning: Citation `Prasad.2017' on page 11 undefined on input line 205.


LaTeX Warning: Citation `C.Leyens.2005' on page 11 undefined on input line 231.


) (Kapitel/Experimentelle_Methoden.tex [11]
Kapitel 3.

Package caption Warning: \label without proper reference on input line 28.
See the caption package documentation for explanation.


LaTeX Warning: Reference `tab:Einbettpressen' on page 12 undefined on input lin
e 10.

[12

]

LaTeX Warning: No positions in optional float specifier.
               Default added (so using `tbp') on input line 37.


LaTeX Warning: No positions in optional float specifier.
               Default added (so using `tbp') on input line 81.

[13] [14]
Underfull \vbox (badness 3514) has occurred while \output is active []

 [15]

! LaTeX Error: File `./Bilder/Spgs-Dehnungs-Kurve_Dehngrenze' not found.

See the LaTeX manual or LaTeX Companion for explanation.
Type  H <return>  for immediate help.
 ...                                              
                                                  
l.153 ...{./Bilder/Spgs-Dehnungs-Kurve_Dehngrenze}
                                                  
I could not locate the file with any of these extensions:
.pdf,.png,.jpg,.mps,.jpeg,.jbig2,.jb2,.PDF,.PNG,.JPG,.JPEG,.JBIG2,.JB2,.eps
Try typing  <return>  to proceed.
If that doesn't work, type  X <return>  to quit.

) (Kapitel/alphap-Studie.tex [16]
Kapitel 4.

LaTeX Warning: Reference `bib:' on page 17 undefined on input line 8.

[17

]
<./Bilder/Abbildung 8.png, id=105, 1739.7497pt x 872.50969pt>
File: ./Bilder/Abbildung 8.png Graphic file (type png)
<use ./Bilder/Abbildung 8.png>
Package pdftex.def Info: ./Bilder/Abbildung 8.png  used on input line 42.
(pdftex.def)             Requested size: 455.24408pt x 228.31165pt.
<./Bilder/Abbildung 20.png, id=106, 1223.32031pt x 920.68968pt>
File: ./Bilder/Abbildung 20.png Graphic file (type png)
<use ./Bilder/Abbildung 20.png>
Package pdftex.def Info: ./Bilder/Abbildung 20.png  used on input line 51.
(pdftex.def)             Requested size: 409.71689pt x 308.35217pt.


LaTeX Warning: Citation `Lutjering.2007' on page 18 undefined on input line 56.


[18 <./Bilder/Abbildung 8.png>] [19 <./Bilder/Abbildung 20.png>]

LaTeX Warning: Citation `G.LutjeringJ.C.WilliamsA.Gysler.' on page 20 undefined
 on input line 114.

) (Kapitel/Martensitbildung.tex [20]
Kapitel 5.
! Undefined control sequence.
<argument> \textdegree 
                       
l.16 ...n diesem Schritt Ti6242-Proben   bei 930°
                                                  C und 950°C  geglüht. Au...
The control sequence at the end of the top line
of your error message was never \def'ed. If you have
misspelled it (e.g., `\hobx'), type `I' and the correct
spelling (e.g., `I\hbox'). Otherwise just continue,
and I'll forget about whatever was undefined.

! Undefined control sequence.
<argument> \textdegree 
                       
l.16 ...hritt Ti6242-Proben   bei 930°C und 950°
                                                  C  geglüht. Außerdem sin...
The control sequence at the end of the top line
of your error message was never \def'ed. If you have
misspelled it (e.g., `\hobx'), type `I' and the correct
spelling (e.g., `I\hbox'). Otherwise just continue,
and I'll forget about whatever was undefined.

<./Bilder/Abbildung 9.png, id=118, 1391.95032pt x 1075.76906pt>
File: ./Bilder/Abbildung 9.png Graphic file (type png)
<use ./Bilder/Abbildung 9.png>
Package pdftex.def Info: ./Bilder/Abbildung 9.png  used on input line 26.
(pdftex.def)             Requested size: 409.71689pt x 316.64328pt.
[21

]
<./Bilder/Abbildung 21.png, id=122, 1115.66812pt x 852.93657pt>
File: ./Bilder/Abbildung 21.png Graphic file (type png)
<use ./Bilder/Abbildung 21.png>
Package pdftex.def Info: ./Bilder/Abbildung 21.png  used on input line 37.
(pdftex.def)             Requested size: 364.19664pt x 278.42448pt.
<./Bilder/Abbildung 10.png, id=123, 1680.2775pt x 622.57594pt>
File: ./Bilder/Abbildung 10.png Graphic file (type png)
<use ./Bilder/Abbildung 10.png>
Package pdftex.def Info: ./Bilder/Abbildung 10.png  used on input line 44.
(pdftex.def)             Requested size: 455.24408pt x 168.67723pt.
<./Bilder/Abbildung 11.png, id=124, 1325.70282pt x 354.57469pt>
File: ./Bilder/Abbildung 11.png Graphic file (type png)
<use ./Bilder/Abbildung 11.png>
Package pdftex.def Info: ./Bilder/Abbildung 11.png  used on input line 51.
(pdftex.def)             Requested size: 455.24408pt x 121.7603pt.
<./Bilder/Abbildung 12.png, id=125, 1243.64626pt x 331.2375pt>
File: ./Bilder/Abbildung 12.png Graphic file (type png)
<use ./Bilder/Abbildung 12.png>
Package pdftex.def Info: ./Bilder/Abbildung 12.png  used on input line 58.
(pdftex.def)             Requested size: 455.24408pt x 121.25194pt.
<./Bilder/Abbildung 13.png, id=126, 1330.21968pt x 349.305pt>
File: ./Bilder/Abbildung 13.png Graphic file (type png)
<use ./Bilder/Abbildung 13.png>
Package pdftex.def Info: ./Bilder/Abbildung 13.png  used on input line 65.
(pdftex.def)             Requested size: 455.24408pt x 119.54562pt.
 [22 <./Bilder/Abbildung 9.png>] [23 <./Bilder/Abbildung 21.png> <./Bilder/Abbi
ldung 10.png> <./Bilder/Abbildung 11.png>] [24 <./Bilder/Abbildung 12.png> <./B
ilder/Abbildung 13.png>]
<./Bilder/Abbildung 14.png, id=143, 1230.84843pt x 951.555pt>
File: ./Bilder/Abbildung 14.png Graphic file (type png)
<use ./Bilder/Abbildung 14.png>
Package pdftex.def Info: ./Bilder/Abbildung 14.png  used on input line 99.
(pdftex.def)             Requested size: 409.71689pt x 316.74379pt.
<./Bilder/Abbildung 15.png, id=144, 1077.27469pt x 851.43094pt>
File: ./Bilder/Abbildung 15.png Graphic file (type png)
<use ./Bilder/Abbildung 15.png>
Package pdftex.def Info: ./Bilder/Abbildung 15.png  used on input line 108.
(pdftex.def)             Requested size: 409.71689pt x 323.81995pt.
 [25 <./Bilder/Abbildung 14.png>] [26 <./Bilder/Abbildung 15.png>]
<./Bilder/Abbildung 16.png, id=153, 1132.98282pt x 305.64188pt>
File: ./Bilder/Abbildung 16.png Graphic file (type png)
<use ./Bilder/Abbildung 16.png>
Package pdftex.def Info: ./Bilder/Abbildung 16.png  used on input line 138.
(pdftex.def)             Requested size: 455.24408pt x 122.80956pt.
<./Bilder/Abbildung 17.png, id=154, 1242.89343pt x 327.47343pt>
File: ./Bilder/Abbildung 17.png Graphic file (type png)
<use ./Bilder/Abbildung 17.png>
Package pdftex.def Info: ./Bilder/Abbildung 17.png  used on input line 145.
(pdftex.def)             Requested size: 455.24408pt x 119.94405pt.
<./Bilder/Abbildung 18.png, id=155, 1267.73625pt x 328.97906pt>
File: ./Bilder/Abbildung 18.png Graphic file (type png)
<use ./Bilder/Abbildung 18.png>
Package pdftex.def Info: ./Bilder/Abbildung 18.png  used on input line 152.
(pdftex.def)             Requested size: 455.24408pt x 118.1362pt.

! Undefined control sequence.
<argument> \textdegree 
                       
l.165 ...dlungskinetik von Alpha zu Beta bei 930°
                                                  C zu niedrig ist, um beta ...
The control sequence at the end of the top line
of your error message was never \def'ed. If you have
misspelled it (e.g., `\hobx'), type `I' and the correct
spelling (e.g., `I\hbox'). Otherwise just continue,
and I'll forget about whatever was undefined.

! Undefined control sequence.
<argument> \textdegree 
                       
l.166 Bei den Proben, die bei 950 °
                                    C für 8 und 16 min geglüht wurden, sin...
The control sequence at the end of the top line
of your error message was never \def'ed. If you have
misspelled it (e.g., `\hobx'), type `I' and the correct
spelling (e.g., `I\hbox'). Otherwise just continue,
and I'll forget about whatever was undefined.


Underfull \vbox (badness 10000) has occurred while \output is active []

 [27 <./Bilder/Abbildung 16.png> <./Bilder/Abbildung 17.png> <./Bilder/Abbildun
g 18.png>]) (Kapitel/Martensitzerfall.tex [28]
Kapitel 6.

LaTeX Warning: Citation `Short Time Duplex Heat Treatment' on page 29 undefined
 on input line 8.

! Undefined control sequence.
<argument> \textasciiacute 
                           
l.8 ...iell zerfallen. Das nadelförmige $\alpha´
                                                  $ wandelt in $\alpha$ + $\...
The control sequence at the end of the top line
of your error message was never \def'ed. If you have
misspelled it (e.g., `\hobx'), type `I' and the correct
spelling (e.g., `I\hbox'). Otherwise just continue,
and I'll forget about whatever was undefined.


LaTeX Warning: Citation `Paper..' on page 29 undefined on input line 10.

[29

]
<./Bilder/Abbildung 22.png, id=169, 1818.04219pt x 471.26062pt>
File: ./Bilder/Abbildung 22.png Graphic file (type png)
<use ./Bilder/Abbildung 22.png>
Package pdftex.def Info: ./Bilder/Abbildung 22.png  used on input line 25.
(pdftex.def)             Requested size: 455.24408pt x 118.00182pt.
<./Bilder/Abbildung 23.png, id=170, 1796.96344pt x 462.97969pt>
File: ./Bilder/Abbildung 23.png Graphic file (type png)
<use ./Bilder/Abbildung 23.png>
Package pdftex.def Info: ./Bilder/Abbildung 23.png  used on input line 32.
(pdftex.def)             Requested size: 455.24408pt x 117.29175pt.
<./Bilder/Abbildung 24.png, id=171, 1647.90656pt x 428.35031pt>
File: ./Bilder/Abbildung 24.png Graphic file (type png)
<use ./Bilder/Abbildung 24.png>
Package pdftex.def Info: ./Bilder/Abbildung 24.png  used on input line 39.
(pdftex.def)             Requested size: 455.24408pt x 118.33592pt.
<./Bilder/Abbildung 25.png, id=172, 1734.48pt x 448.67625pt>
File: ./Bilder/Abbildung 25.png Graphic file (type png)
<use ./Bilder/Abbildung 25.png>
Package pdftex.def Info: ./Bilder/Abbildung 25.png  used on input line 46.
(pdftex.def)             Requested size: 455.24408pt x 117.76216pt.
) (Kapitel/Parallelversuch.tex
Overfull \hbox (155.24377pt too wide) in paragraph at lines 76--1
\T1/cmr/m/n/10.95 worden.$[]$
 []


Underfull \vbox (badness 10000) has occurred while \output is active []

 [30 <./Bilder/Abbildung 22.png> <./Bilder/Abbildung 23.png> <./Bilder/Abbildun
g 24.png>]
[31 <./Bilder/Abbildung 25.png>]
Kapitel 7.
! Undefined control sequence.
<argument> \textdegree 
                       
l.6 Dafür werden Ti-6242 Proben bei 983 °
                                           C für 60 min geglüht und dann w...
The control sequence at the end of the top line
of your error message was never \def'ed. If you have
misspelled it (e.g., `\hobx'), type `I' and the correct
spelling (e.g., `I\hbox'). Otherwise just continue,
and I'll forget about whatever was undefined.

! Undefined control sequence.
<argument> \textdegree 
                       
l.8 ...en in diesem Schritt  die Proben bei  610°
                                                  C  für 30 min angelassen ...
The control sequence at the end of the top line
of your error message was never \def'ed. If you have
misspelled it (e.g., `\hobx'), type `I' and the correct
spelling (e.g., `I\hbox'). Otherwise just continue,
and I'll forget about whatever was undefined.


! LaTeX Error: File `Bilder/SQ' not found.

See the LaTeX manual or LaTeX Companion for explanation.
Type  H <return>  for immediate help.
 ...                                              
                                                  
l.13 ...degraphics[width=0.9\textwidth]{Bilder/SQ}
                                                  }
I could not locate the file with any of these extensions:
.pdf,.png,.jpg,.mps,.jpeg,.jbig2,.jb2,.PDF,.PNG,.JPG,.JPEG,.JBIG2,.JB2,.eps
Try typing  <return>  to proceed.
If that doesn't work, type  X <return>  to quit.

<./Bilder/Abbildung 19.png, id=183, 1294.08469pt x 489.32813pt>
File: ./Bilder/Abbildung 19.png Graphic file (type png)
<use ./Bilder/Abbildung 19.png>
Package pdftex.def Info: ./Bilder/Abbildung 19.png  used on input line 25.
(pdftex.def)             Requested size: 409.71689pt x 154.92316pt.
[32

]
<./Bilder/Abbildung 26.png, id=187, 1742.76094pt x 662.475pt>
File: ./Bilder/Abbildung 26.png Graphic file (type png)
<use ./Bilder/Abbildung 26.png>
Package pdftex.def Info: ./Bilder/Abbildung 26.png  used on input line 38.
(pdftex.def)             Requested size: 455.24408pt x 173.04811pt.
<./Bilder/Abbildung 27.png, id=188, 1749.53625pt x 667.74469pt>
File: ./Bilder/Abbildung 27.png Graphic file (type png)
<use ./Bilder/Abbildung 27.png>
Package pdftex.def Info: ./Bilder/Abbildung 27.png  used on input line 45.
(pdftex.def)             Requested size: 455.24408pt x 173.75217pt.
 [33 <./Bilder/Abbildung 19.png> <./Bilder/Abbildung 26.png>]
! Undefined control sequence.
<argument> \textdegree 
                       
l.75 ...ar bzw. war diese Transformation bei 610°
                                                  C so langsam, dass sie inn...
The control sequence at the end of the top line
of your error message was never \def'ed. If you have
misspelled it (e.g., `\hobx'), type `I' and the correct
spelling (e.g., `I\hbox'). Otherwise just continue,
and I'll forget about whatever was undefined.

) (Kapitel/Zugversuche.tex [34 <./Bilder/Abbildung 27.png>]
Kapitel 8.

! Package array Error:  Illegal pream-token (\centering): `c' used.

See the array package documentation for explanation.
Type  H <return>  for immediate help.
 ...                                              
                                                  
l.6 	\centering
               
Try typing  <return>  to proceed.
If that doesn't work, type  X <return>  to quit.


! LaTeX Error: Not in outer par mode.

See the LaTeX manual or LaTeX Companion for explanation.
Type  H <return>  for immediate help.
 ...                                              
                                                  
l.7 	\begin{table}(
                   |c|c|c|c|c|c|c|c|c|)
You've lost some text.  Try typing  <return>  to proceed.
If that doesn't work, type  X <return>  to quit.

! Undefined control sequence.
\@float@Hx ...ltovf \fi \global \setbox \@currbox 
                                                  \color@vbox \normalcolor \...
l.7 	\begin{table}(
                   |c|c|c|c|c|c|c|c|c|)
The control sequence at the end of the top line
of your error message was never \def'ed. If you have
misspelled it (e.g., `\hobx'), type `I' and the correct
spelling (e.g., `I\hbox'). Otherwise just continue,
and I'll forget about whatever was undefined.

! Missing number, treated as zero.
<to be read again> 
                   \vbox 
l.7 	\begin{table}(
                   |c|c|c|c|c|c|c|c|c|)
A number should have been here; I inserted `0'.
(If you can't figure out why I needed to see a number,
look up `weird error' in the index to The TeXbook.)

! Misplaced \noalign.
\hline ->\noalign 
                  {\ifnum 0=`}\fi \hrule \@height \arrayrulewidth \futurelet...
l.8 		\hline
            
I expect to see \noalign only after the \cr of
an alignment. Proceed, and I'll ignore this case.

! Missing } inserted.
<inserted text> 
                }
l.9 		Probe &
              Bezeichnung & $d_0$ [mm] & $S_0$ [mm^2] & E [GPa] & $R_{p0,2}$...
I've inserted something that you may have forgotten.
(See the <inserted text> above.)
With luck, this will get me unwedged. But if you
really didn't forget anything, try typing `2' now; then
my insertion and my current dilemma will both disappear.

! Missing } inserted.
<inserted text> 
                }
l.9 		Probe &
              Bezeichnung & $d_0$ [mm] & $S_0$ [mm^2] & E [GPa] & $R_{p0,2}$...
I've inserted something that you may have forgotten.
(See the <inserted text> above.)
With luck, this will get me unwedged. But if you
really didn't forget anything, try typing `2' now; then
my insertion and my current dilemma will both disappear.

! Missing \endgroup inserted.
<inserted text> 
                \endgroup 
l.9 		Probe &
              Bezeichnung & $d_0$ [mm] & $S_0$ [mm^2] & E [GPa] & $R_{p0,2}$...
I've inserted something that you may have forgotten.
(See the <inserted text> above.)
With luck, this will get me unwedged. But if you
really didn't forget anything, try typing `2' now; then
my insertion and my current dilemma will both disappear.

! Missing \endgroup inserted.
<inserted text> 
                \endgroup 
l.9 		Probe &
              Bezeichnung & $d_0$ [mm] & $S_0$ [mm^2] & E [GPa] & $R_{p0,2}$...
I've inserted something that you may have forgotten.
(See the <inserted text> above.)
With luck, this will get me unwedged. But if you
really didn't forget anything, try typing `2' now; then
my insertion and my current dilemma will both disappear.

! Extra alignment tab has been changed to \cr.
<recently read> \endtemplate 
                             
l.9 		Probe &
              Bezeichnung & $d_0$ [mm] & $S_0$ [mm^2] & E [GPa] & $R_{p0,2}$...
You have given more \span or & marks than there were
in the preamble to the \halign or \valign now in progress.
So I'll assume that you meant to type \cr instead.

! Extra alignment tab has been changed to \cr.
<recently read> \endtemplate 
                             
l.9 		Probe & Bezeichnung &
                            $d_0$ [mm] & $S_0$ [mm^2] & E [GPa] & $R_{p0,2}$...
You have given more \span or & marks than there were
in the preamble to the \halign or \valign now in progress.
So I'll assume that you meant to type \cr instead.

! Extra alignment tab has been changed to \cr.
<recently read> \endtemplate 
                             
l.9 		Probe & Bezeichnung & $d_0$ [mm] &
                                         $S_0$ [mm^2] & E [GPa] & $R_{p0,2}$...
You have given more \span or & marks than there were
in the preamble to the \halign or \valign now in progress.
So I'll assume that you meant to type \cr instead.

! Missing $ inserted.
<inserted text> 
                $
l.9 ...obe & Bezeichnung & $d_0$ [mm] & $S_0$ [mm^
                                                  2] & E [GPa] & $R_{p0,2}$ ...
I've inserted a begin-math/end-math symbol since I think
you left one out. Proceed, with fingers crossed.

! Missing $ inserted.
<inserted text> 
                $
l.9 ...& Bezeichnung & $d_0$ [mm] & $S_0$ [mm^2] &
                                                   E [GPa] & $R_{p0,2}$ [MPa...
I've inserted something that you may have forgotten.
(See the <inserted text> above.)
With luck, this will get me unwedged. But if you
really didn't forget anything, try typing `2' now; then
my insertion and my current dilemma will both disappear.

! Extra alignment tab has been changed to \cr.
<recently read> \endtemplate 
                             
l.9 ...& Bezeichnung & $d_0$ [mm] & $S_0$ [mm^2] &
                                                   E [GPa] & $R_{p0,2}$ [MPa...
You have given more \span or & marks than there were
in the preamble to the \halign or \valign now in progress.
So I'll assume that you meant to type \cr instead.

! Extra alignment tab has been changed to \cr.
<recently read> \endtemplate 
                             
l.9 ...ung & $d_0$ [mm] & $S_0$ [mm^2] & E [GPa] &
                                                   $R_{p0,2}$ [MPa]& $R_m$ [...
You have given more \span or & marks than there were
in the preamble to the \halign or \valign now in progress.
So I'll assume that you meant to type \cr instead.

! Extra alignment tab has been changed to \cr.
<recently read> \endtemplate 
                             
l.9 ... $S_0$ [mm^2] & E [GPa] & $R_{p0,2}$ [MPa]&
                                                   $R_m$ [MPa]& $A_g$ [\%]& ...
You have given more \span or & marks than there were
in the preamble to the \halign or \valign now in progress.
So I'll assume that you meant to type \cr instead.

! Extra alignment tab has been changed to \cr.
<recently read> \endtemplate 
                             
l.9 ... & E [GPa] & $R_{p0,2}$ [MPa]& $R_m$ [MPa]&
                                                   $A_g$ [\%]& $A$ [\%]\\
You have given more \span or & marks than there were
in the preamble to the \halign or \valign now in progress.
So I'll assume that you meant to type \cr instead.

! Extra alignment tab has been changed to \cr.
<recently read> \endtemplate 
                             
l.9 ... $R_{p0,2}$ [MPa]& $R_m$ [MPa]& $A_g$ [\%]&
                                                   $A$ [\%]\\
You have given more \span or & marks than there were
in the preamble to the \halign or \valign now in progress.
So I'll assume that you meant to type \cr instead.

! Extra alignment tab has been changed to \cr.
<recently read> \endtemplate 
                             
l.11 		1 &
           AR1 & 5,06 & 20,11 & 128 & 956 & 1019&4,8&17,9 \\
You have given more \span or & marks than there were
in the preamble to the \halign or \valign now in progress.
So I'll assume that you meant to type \cr instead.

! Extra alignment tab has been changed to \cr.
<recently read> \endtemplate 
                             
l.11 		1 & AR1 &
                 5,06 & 20,11 & 128 & 956 & 1019&4,8&17,9 \\
You have given more \span or & marks than there were
in the preamble to the \halign or \valign now in progress.
So I'll assume that you meant to type \cr instead.

! Extra alignment tab has been changed to \cr.
<recently read> \endtemplate 
                             
l.11 		1 & AR1 & 5,06 &
                        20,11 & 128 & 956 & 1019&4,8&17,9 \\
You have given more \span or & marks than there were
in the preamble to the \halign or \valign now in progress.
So I'll assume that you meant to type \cr instead.

! Extra alignment tab has been changed to \cr.
<recently read> \endtemplate 
                             
l.11 		1 & AR1 & 5,06 & 20,11 &
                                128 & 956 & 1019&4,8&17,9 \\
You have given more \span or & marks than there were
in the preamble to the \halign or \valign now in progress.
So I'll assume that you meant to type \cr instead.

! Extra alignment tab has been changed to \cr.
<recently read> \endtemplate 
                             
l.11 		1 & AR1 & 5,06 & 20,11 & 128 &
                                      956 & 1019&4,8&17,9 \\
You have given more \span or & marks than there were
in the preamble to the \halign or \valign now in progress.
So I'll assume that you meant to type \cr instead.

! Extra alignment tab has been changed to \cr.
<recently read> \endtemplate 
                             
l.11 		1 & AR1 & 5,06 & 20,11 & 128 & 956 &
                                            1019&4,8&17,9 \\
You have given more \span or & marks than there were
in the preamble to the \halign or \valign now in progress.
So I'll assume that you meant to type \cr instead.

! Extra alignment tab has been changed to \cr.
<recently read> \endtemplate 
                             
l.11 		1 & AR1 & 5,06 & 20,11 & 128 & 956 & 1019&
                                                 4,8&17,9 \\
You have given more \span or & marks than there were
in the preamble to the \halign or \valign now in progress.
So I'll assume that you meant to type \cr instead.

! Extra alignment tab has been changed to \cr.
<recently read> \endtemplate 
                             
l.11 ...AR1 & 5,06 & 20,11 & 128 & 956 & 1019&4,8&
                                                  17,9 \\
You have given more \span or & marks than there were
in the preamble to the \halign or \valign now in progress.
So I'll assume that you meant to type \cr instead.

! Extra alignment tab has been changed to \cr.
<recently read> \endtemplate 
                             
l.13 		2 &
           AR2&5,04&19,95&122&946&1013&5,1&15,7\\
You have given more \span or & marks than there were
in the preamble to the \halign or \valign now in progress.
So I'll assume that you meant to type \cr instead.

! Extra alignment tab has been changed to \cr.
<recently read> \endtemplate 
                             
l.13 		2 & AR2&
               5,04&19,95&122&946&1013&5,1&15,7\\
You have given more \span or & marks than there were
in the preamble to the \halign or \valign now in progress.
So I'll assume that you meant to type \cr instead.

! Extra alignment tab has been changed to \cr.
<recently read> \endtemplate 
                             
l.13 		2 & AR2&5,04&
                    19,95&122&946&1013&5,1&15,7\\
You have given more \span or & marks than there were
in the preamble to the \halign or \valign now in progress.
So I'll assume that you meant to type \cr instead.

! Extra alignment tab has been changed to \cr.
<recently read> \endtemplate 
                             
l.13 		2 & AR2&5,04&19,95&
                          122&946&1013&5,1&15,7\\
You have given more \span or & marks than there were
in the preamble to the \halign or \valign now in progress.
So I'll assume that you meant to type \cr instead.

! Extra alignment tab has been changed to \cr.
<recently read> \endtemplate 
                             
l.13 		2 & AR2&5,04&19,95&122&
                              946&1013&5,1&15,7\\
You have given more \span or & marks than there were
in the preamble to the \halign or \valign now in progress.
So I'll assume that you meant to type \cr instead.

! Extra alignment tab has been changed to \cr.
<recently read> \endtemplate 
                             
l.13 		2 & AR2&5,04&19,95&122&946&
                                  1013&5,1&15,7\\
You have given more \span or & marks than there were
in the preamble to the \halign or \valign now in progress.
So I'll assume that you meant to type \cr instead.

! Extra alignment tab has been changed to \cr.
<recently read> \endtemplate 
                             
l.13 		2 & AR2&5,04&19,95&122&946&1013&
                                       5,1&15,7\\
You have given more \span or & marks than there were
in the preamble to the \halign or \valign now in progress.
So I'll assume that you meant to type \cr instead.

! Extra alignment tab has been changed to \cr.
<recently read> \endtemplate 
                             
l.13 		2 & AR2&5,04&19,95&122&946&1013&5,1&
                                           15,7\\
You have given more \span or & marks than there were
in the preamble to the \halign or \valign now in progress.
So I'll assume that you meant to type \cr instead.

! Extra alignment tab has been changed to \cr.
<recently read> \endtemplate 
                             
l.15 		3 &
           983°C/1h/AC + 950°C/16min/WQ + 610°C/16min/AC& 5,11&20,51& 122...
You have given more \span or & marks than there were
in the preamble to the \halign or \valign now in progress.
So I'll assume that you meant to type \cr instead.

! Undefined control sequence.
<argument> \textdegree 
                       
l.15 		3 & 983°
                C/1h/AC + 950°C/16min/WQ + 610°C/16min/AC& 5,11&20,51& 122...
The control sequence at the end of the top line
of your error message was never \def'ed. If you have
misspelled it (e.g., `\hobx'), type `I' and the correct
spelling (e.g., `I\hbox'). Otherwise just continue,
and I'll forget about whatever was undefined.

! Undefined control sequence.
<argument> \textdegree 
                       
l.15 		3 & 983°C/1h/AC + 950°
                               C/16min/WQ + 610°C/16min/AC& 5,11&20,51& 122...
The control sequence at the end of the top line
of your error message was never \def'ed. If you have
misspelled it (e.g., `\hobx'), type `I' and the correct
spelling (e.g., `I\hbox'). Otherwise just continue,
and I'll forget about whatever was undefined.

! Undefined control sequence.
<argument> \textdegree 
                       
l.15 		3 & 983°C/1h/AC + 950°C/16min/WQ + 610°
                                                 C/16min/AC& 5,11&20,51& 122...
The control sequence at the end of the top line
of your error message was never \def'ed. If you have
misspelled it (e.g., `\hobx'), type `I' and the correct
spelling (e.g., `I\hbox'). Otherwise just continue,
and I'll forget about whatever was undefined.

! Extra alignment tab has been changed to \cr.
<recently read> \endtemplate 
                             
l.15 ...1h/AC + 950°C/16min/WQ + 610°C/16min/AC&
                                                   5,11&20,51& 122&1015&1085...
You have given more \span or & marks than there were
in the preamble to the \halign or \valign now in progress.
So I'll assume that you meant to type \cr instead.

! Extra alignment tab has been changed to \cr.
<recently read> \endtemplate 
                             
l.15 ...+ 950°C/16min/WQ + 610°C/16min/AC& 5,11&
                                                  20,51& 122&1015&1085&2,1&3,0
You have given more \span or & marks than there were
in the preamble to the \halign or \valign now in progress.
So I'll assume that you meant to type \cr instead.

! Extra alignment tab has been changed to \cr.
<recently read> \endtemplate 
                             
l.15 ...C/16min/WQ + 610°C/16min/AC& 5,11&20,51&
                                                   122&1015&1085&2,1&3,0
You have given more \span or & marks than there were
in the preamble to the \halign or \valign now in progress.
So I'll assume that you meant to type \cr instead.

! Extra alignment tab has been changed to \cr.
<recently read> \endtemplate 
                             
l.15 ...min/WQ + 610°C/16min/AC& 5,11&20,51& 122&
                                                  1015&1085&2,1&3,0
You have given more \span or & marks than there were
in the preamble to the \halign or \valign now in progress.
So I'll assume that you meant to type \cr instead.

! Extra alignment tab has been changed to \cr.
<recently read> \endtemplate 
                             
l.15 ...Q + 610°C/16min/AC& 5,11&20,51& 122&1015&
                                                  1085&2,1&3,0
You have given more \span or & marks than there were
in the preamble to the \halign or \valign now in progress.
So I'll assume that you meant to type \cr instead.

! Extra alignment tab has been changed to \cr.
<recently read> \endtemplate 
                             
l.15 ...10°C/16min/AC& 5,11&20,51& 122&1015&1085&
                                                  2,1&3,0
You have given more \span or & marks than there were
in the preamble to the \halign or \valign now in progress.
So I'll assume that you meant to type \cr instead.

! Extra alignment tab has been changed to \cr.
<recently read> \endtemplate 
                             
l.15 ...C/16min/AC& 5,11&20,51& 122&1015&1085&2,1&
                                                  3,0
You have given more \span or & marks than there were
in the preamble to the \halign or \valign now in progress.
So I'll assume that you meant to type \cr instead.

! Misplaced \noalign.
\hline ->\noalign 
                  {\ifnum 0=`}\fi \hrule \@height \arrayrulewidth \futurelet...
l.16 		\hline
             
I expect to see \noalign only after the \cr of
an alignment. Proceed, and I'll ignore this case.

! You can't use `\hrule' here except with leaders.
\hline ->\noalign {\ifnum 0=`}\fi \hrule 
                                         \@height \arrayrulewidth \futurelet...
l.16 		\hline
             
To put a horizontal rule in an hbox or an alignment,
you should use \leaders or \hrulefill (see The TeXbook).

! Missing number, treated as zero.
<to be read again> 
                   \futurelet 
l.16 		\hline
             
A number should have been here; I inserted `0'.
(If you can't figure out why I needed to see a number,
look up `weird error' in the index to The TeXbook.)

! Illegal unit of measure (pt inserted).
<to be read again> 
                   \futurelet 
l.16 		\hline
             
Dimensions can be in units of em, ex, in, pt, pc,
cm, mm, dd, cc, nd, nc, bp, or sp; but yours is a new one!
I'll assume that you meant to say pt, for printer's points.
To recover gracefully from this error, it's best to
delete the erroneous units; e.g., type `2' to delete
two letters. (See Chapter 27 of The TeXbook.)

! Extra alignment tab has been changed to \cr.
<recently read> \endtemplate 
                             
l.17 		4 &
           983°C/1h/AC + 950°C/16min/WQ + 610°C/16min/AC&5,16& 20,91& 117...
You have given more \span or & marks than there were
in the preamble to the \halign or \valign now in progress.
So I'll assume that you meant to type \cr instead.

! Undefined control sequence.
<argument> \textdegree 
                       
l.17 		4 & 983°
                C/1h/AC + 950°C/16min/WQ + 610°C/16min/AC&5,16& 20,91& 117...
The control sequence at the end of the top line
of your error message was never \def'ed. If you have
misspelled it (e.g., `\hobx'), type `I' and the correct
spelling (e.g., `I\hbox'). Otherwise just continue,
and I'll forget about whatever was undefined.

! Undefined control sequence.
<argument> \textdegree 
                       
l.17 		4 & 983°C/1h/AC + 950°
                               C/16min/WQ + 610°C/16min/AC&5,16& 20,91& 117...
The control sequence at the end of the top line
of your error message was never \def'ed. If you have
misspelled it (e.g., `\hobx'), type `I' and the correct
spelling (e.g., `I\hbox'). Otherwise just continue,
and I'll forget about whatever was undefined.

! Undefined control sequence.
<argument> \textdegree 
                       
l.17 		4 & 983°C/1h/AC + 950°C/16min/WQ + 610°
                                                 C/16min/AC&5,16& 20,91& 117...
The control sequence at the end of the top line
of your error message was never \def'ed. If you have
misspelled it (e.g., `\hobx'), type `I' and the correct
spelling (e.g., `I\hbox'). Otherwise just continue,
and I'll forget about whatever was undefined.

! Extra alignment tab has been changed to \cr.
<recently read> \endtemplate 
                             
l.17 ...1h/AC + 950°C/16min/WQ + 610°C/16min/AC&
                                                  5,16& 20,91& 117 & 1007& 1...
You have given more \span or & marks than there were
in the preamble to the \halign or \valign now in progress.
So I'll assume that you meant to type \cr instead.

! Extra alignment tab has been changed to \cr.
<recently read> \endtemplate 
                             
l.17 ... + 950°C/16min/WQ + 610°C/16min/AC&5,16&
                                                   20,91& 117 & 1007& 1090& ...
You have given more \span or & marks than there were
in the preamble to the \halign or \valign now in progress.
So I'll assume that you meant to type \cr instead.

! Extra alignment tab has been changed to \cr.
<recently read> \endtemplate 
                             
l.17 ...C/16min/WQ + 610°C/16min/AC&5,16& 20,91&
                                                   117 & 1007& 1090& 1,7&  1...
You have given more \span or & marks than there were
in the preamble to the \halign or \valign now in progress.
So I'll assume that you meant to type \cr instead.

! Extra alignment tab has been changed to \cr.
<recently read> \endtemplate 
                             
l.17 ...in/WQ + 610°C/16min/AC&5,16& 20,91& 117 &
                                                   1007& 1090& 1,7&  1,9 \\
You have given more \span or & marks than there were
in the preamble to the \halign or \valign now in progress.
So I'll assume that you meant to type \cr instead.

! Extra alignment tab has been changed to \cr.
<recently read> \endtemplate 
                             
l.17 ...+ 610°C/16min/AC&5,16& 20,91& 117 & 1007&
                                                   1090& 1,7&  1,9 \\
You have given more \span or & marks than there were
in the preamble to the \halign or \valign now in progress.
So I'll assume that you meant to type \cr instead.

! Extra alignment tab has been changed to \cr.
<recently read> \endtemplate 
                             
l.17 ...C/16min/AC&5,16& 20,91& 117 & 1007& 1090&
                                                   1,7&  1,9 \\
You have given more \span or & marks than there were
in the preamble to the \halign or \valign now in progress.
So I'll assume that you meant to type \cr instead.

! Extra alignment tab has been changed to \cr.
<recently read> \endtemplate 
                             
l.17 ...min/AC&5,16& 20,91& 117 & 1007& 1090& 1,7&
                                                    1,9 \\
You have given more \span or & marks than there were
in the preamble to the \halign or \valign now in progress.
So I'll assume that you meant to type \cr instead.

! Extra alignment tab has been changed to \cr.
<recently read> \endtemplate 
                             
l.19 		5 &
           983°C/1h/WQ + 610°C/30min/AC&5,04 &19,95& 120& 952& 1033& 1,9 &...
You have given more \span or & marks than there were
in the preamble to the \halign or \valign now in progress.
So I'll assume that you meant to type \cr instead.

! Undefined control sequence.
<argument> \textdegree 
                       
l.19 		5 & 983°
                C/1h/WQ + 610°C/30min/AC&5,04 &19,95& 120& 952& 1033& 1,9 &...
The control sequence at the end of the top line
of your error message was never \def'ed. If you have
misspelled it (e.g., `\hobx'), type `I' and the correct
spelling (e.g., `I\hbox'). Otherwise just continue,
and I'll forget about whatever was undefined.

! Undefined control sequence.
<argument> \textdegree 
                       
l.19 		5 & 983°C/1h/WQ + 610°
                               C/30min/AC&5,04 &19,95& 120& 952& 1033& 1,9 &...
The control sequence at the end of the top line
of your error message was never \def'ed. If you have
misspelled it (e.g., `\hobx'), type `I' and the correct
spelling (e.g., `I\hbox'). Otherwise just continue,
and I'll forget about whatever was undefined.

! Extra alignment tab has been changed to \cr.
<recently read> \endtemplate 
                             
l.19 		5 & 983°C/1h/WQ + 610°C/30min/AC&
                                          5,04 &19,95& 120& 952& 1033& 1,9 &...
You have given more \span or & marks than there were
in the preamble to the \halign or \valign now in progress.
So I'll assume that you meant to type \cr instead.

! Extra alignment tab has been changed to \cr.
<recently read> \endtemplate 
                             
l.19 		5 & 983°C/1h/WQ + 610°C/30min/AC&5,04 &
                                                19,95& 120& 952& 1033& 1,9 &...
You have given more \span or & marks than there were
in the preamble to the \halign or \valign now in progress.
So I'll assume that you meant to type \cr instead.

! Extra alignment tab has been changed to \cr.
<recently read> \endtemplate 
                             
l.19 ...83°C/1h/WQ + 610°C/30min/AC&5,04 &19,95&
                                                   120& 952& 1033& 1,9 &2,5\\
You have given more \span or & marks than there were
in the preamble to the \halign or \valign now in progress.
So I'll assume that you meant to type \cr instead.

! Extra alignment tab has been changed to \cr.
<recently read> \endtemplate 
                             
l.19 .../1h/WQ + 610°C/30min/AC&5,04 &19,95& 120&
                                                   952& 1033& 1,9 &2,5\\
You have given more \span or & marks than there were
in the preamble to the \halign or \valign now in progress.
So I'll assume that you meant to type \cr instead.

! Extra alignment tab has been changed to \cr.
<recently read> \endtemplate 
                             
l.19 ...Q + 610°C/30min/AC&5,04 &19,95& 120& 952&
                                                   1033& 1,9 &2,5\\
You have given more \span or & marks than there were
in the preamble to the \halign or \valign now in progress.
So I'll assume that you meant to type \cr instead.

! Extra alignment tab has been changed to \cr.
<recently read> \endtemplate 
                             
l.19 ...0°C/30min/AC&5,04 &19,95& 120& 952& 1033&
                                                   1,9 &2,5\\
You have given more \span or & marks than there were
in the preamble to the \halign or \valign now in progress.
So I'll assume that you meant to type \cr instead.

! Extra alignment tab has been changed to \cr.
<recently read> \endtemplate 
                             
l.19 ...0min/AC&5,04 &19,95& 120& 952& 1033& 1,9 &
                                                  2,5\\
You have given more \span or & marks than there were
in the preamble to the \halign or \valign now in progress.
So I'll assume that you meant to type \cr instead.

! Extra alignment tab has been changed to \cr.
<recently read> \endtemplate 
                             
l.21 		6 &
           983°C/1h/WQ + 610°C/30min/AC&5,02& 19,79& 124& 968& 1023 &1,0 &...
You have given more \span or & marks than there were
in the preamble to the \halign or \valign now in progress.
So I'll assume that you meant to type \cr instead.

! Undefined control sequence.
<argument> \textdegree 
                       
l.21 		6 & 983°
                C/1h/WQ + 610°C/30min/AC&5,02& 19,79& 124& 968& 1023 &1,0 &...
The control sequence at the end of the top line
of your error message was never \def'ed. If you have
misspelled it (e.g., `\hobx'), type `I' and the correct
spelling (e.g., `I\hbox'). Otherwise just continue,
and I'll forget about whatever was undefined.

! Undefined control sequence.
<argument> \textdegree 
                       
l.21 		6 & 983°C/1h/WQ + 610°
                               C/30min/AC&5,02& 19,79& 124& 968& 1023 &1,0 &...
The control sequence at the end of the top line
of your error message was never \def'ed. If you have
misspelled it (e.g., `\hobx'), type `I' and the correct
spelling (e.g., `I\hbox'). Otherwise just continue,
and I'll forget about whatever was undefined.

! Extra alignment tab has been changed to \cr.
<recently read> \endtemplate 
                             
l.21 		6 & 983°C/1h/WQ + 610°C/30min/AC&
                                          5,02& 19,79& 124& 968& 1023 &1,0 &...
You have given more \span or & marks than there were
in the preamble to the \halign or \valign now in progress.
So I'll assume that you meant to type \cr instead.

! Extra alignment tab has been changed to \cr.
<recently read> \endtemplate 
                             
l.21 		6 & 983°C/1h/WQ + 610°C/30min/AC&5,02&
                                                19,79& 124& 968& 1023 &1,0 &...
You have given more \span or & marks than there were
in the preamble to the \halign or \valign now in progress.
So I'll assume that you meant to type \cr instead.

! Extra alignment tab has been changed to \cr.
<recently read> \endtemplate 
                             
l.21 ...83°C/1h/WQ + 610°C/30min/AC&5,02& 19,79&
                                                   124& 968& 1023 &1,0 & 2,0\\
You have given more \span or & marks than there were
in the preamble to the \halign or \valign now in progress.
So I'll assume that you meant to type \cr instead.

! Extra alignment tab has been changed to \cr.
<recently read> \endtemplate 
                             
l.21 .../1h/WQ + 610°C/30min/AC&5,02& 19,79& 124&
                                                   968& 1023 &1,0 & 2,0\\
You have given more \span or & marks than there were
in the preamble to the \halign or \valign now in progress.
So I'll assume that you meant to type \cr instead.

! Extra alignment tab has been changed to \cr.
<recently read> \endtemplate 
                             
l.21 ...Q + 610°C/30min/AC&5,02& 19,79& 124& 968&
                                                   1023 &1,0 & 2,0\\
You have given more \span or & marks than there were
in the preamble to the \halign or \valign now in progress.
So I'll assume that you meant to type \cr instead.

! Extra alignment tab has been changed to \cr.
<recently read> \endtemplate 
                             
l.21 ...°C/30min/AC&5,02& 19,79& 124& 968& 1023 &
                                                  1,0 & 2,0\\
You have given more \span or & marks than there were
in the preamble to the \halign or \valign now in progress.
So I'll assume that you meant to type \cr instead.

! Extra alignment tab has been changed to \cr.
<recently read> \endtemplate 
                             
l.21 ...0min/AC&5,02& 19,79& 124& 968& 1023 &1,0 &
                                                   2,0\\
You have given more \span or & marks than there were
in the preamble to the \halign or \valign now in progress.
So I'll assume that you meant to type \cr instead.

! Extra alignment tab has been changed to \cr.
<recently read> \endtemplate 
                             
l.23 		7 &
           983°C/1h/AC + 950°C/16min/WQ&5,17& 20,99& 113& 925& 1042& 1,9& ...
You have given more \span or & marks than there were
in the preamble to the \halign or \valign now in progress.
So I'll assume that you meant to type \cr instead.

! Undefined control sequence.
<argument> \textdegree 
                       
l.23 		7 & 983°
                C/1h/AC + 950°C/16min/WQ&5,17& 20,99& 113& 925& 1042& 1,9& ...
The control sequence at the end of the top line
of your error message was never \def'ed. If you have
misspelled it (e.g., `\hobx'), type `I' and the correct
spelling (e.g., `I\hbox'). Otherwise just continue,
and I'll forget about whatever was undefined.

! Undefined control sequence.
<argument> \textdegree 
                       
l.23 		7 & 983°C/1h/AC + 950°
                               C/16min/WQ&5,17& 20,99& 113& 925& 1042& 1,9& ...
The control sequence at the end of the top line
of your error message was never \def'ed. If you have
misspelled it (e.g., `\hobx'), type `I' and the correct
spelling (e.g., `I\hbox'). Otherwise just continue,
and I'll forget about whatever was undefined.

! Extra alignment tab has been changed to \cr.
<recently read> \endtemplate 
                             
l.23 		7 & 983°C/1h/AC + 950°C/16min/WQ&
                                          5,17& 20,99& 113& 925& 1042& 1,9& ...
You have given more \span or & marks than there were
in the preamble to the \halign or \valign now in progress.
So I'll assume that you meant to type \cr instead.

! Extra alignment tab has been changed to \cr.
<recently read> \endtemplate 
                             
l.23 		7 & 983°C/1h/AC + 950°C/16min/WQ&5,17&
                                                20,99& 113& 925& 1042& 1,9& ...
You have given more \span or & marks than there were
in the preamble to the \halign or \valign now in progress.
So I'll assume that you meant to type \cr instead.

! Extra alignment tab has been changed to \cr.
<recently read> \endtemplate 
                             
l.23 ...83°C/1h/AC + 950°C/16min/WQ&5,17& 20,99&
                                                   113& 925& 1042& 1,9& 2,1\\
You have given more \span or & marks than there were
in the preamble to the \halign or \valign now in progress.
So I'll assume that you meant to type \cr instead.

! Extra alignment tab has been changed to \cr.
<recently read> \endtemplate 
                             
l.23 .../1h/AC + 950°C/16min/WQ&5,17& 20,99& 113&
                                                   925& 1042& 1,9& 2,1\\
You have given more \span or & marks than there were
in the preamble to the \halign or \valign now in progress.
So I'll assume that you meant to type \cr instead.

! Extra alignment tab has been changed to \cr.
<recently read> \endtemplate 
                             
l.23 ...C + 950°C/16min/WQ&5,17& 20,99& 113& 925&
                                                   1042& 1,9& 2,1\\
You have given more \span or & marks than there were
in the preamble to the \halign or \valign now in progress.
So I'll assume that you meant to type \cr instead.

! Extra alignment tab has been changed to \cr.
<recently read> \endtemplate 
                             
l.23 ...0°C/16min/WQ&5,17& 20,99& 113& 925& 1042&
                                                   1,9& 2,1\\
You have given more \span or & marks than there were
in the preamble to the \halign or \valign now in progress.
So I'll assume that you meant to type \cr instead.

! Extra alignment tab has been changed to \cr.
<recently read> \endtemplate 
                             
l.23 ...16min/WQ&5,17& 20,99& 113& 925& 1042& 1,9&
                                                   2,1\\
You have given more \span or & marks than there were
in the preamble to the \halign or \valign now in progress.
So I'll assume that you meant to type \cr instead.

! Extra alignment tab has been changed to \cr.
<recently read> \endtemplate 
                             
l.25 		5 &
           983°C/1h/AC + 950°C/16min/WQ&5,12& 20,59& 118& 952& 1063& 1,3& ...
You have given more \span or & marks than there were
in the preamble to the \halign or \valign now in progress.
So I'll assume that you meant to type \cr instead.

! Undefined control sequence.
<argument> \textdegree 
                       
l.25 		5 & 983°
                C/1h/AC + 950°C/16min/WQ&5,12& 20,59& 118& 952& 1063& 1,3& ...
The control sequence at the end of the top line
of your error message was never \def'ed. If you have
misspelled it (e.g., `\hobx'), type `I' and the correct
spelling (e.g., `I\hbox'). Otherwise just continue,
and I'll forget about whatever was undefined.

! Undefined control sequence.
<argument> \textdegree 
                       
l.25 		5 & 983°C/1h/AC + 950°
                               C/16min/WQ&5,12& 20,59& 118& 952& 1063& 1,3& ...
The control sequence at the end of the top line
of your error message was never \def'ed. If you have
misspelled it (e.g., `\hobx'), type `I' and the correct
spelling (e.g., `I\hbox'). Otherwise just continue,
and I'll forget about whatever was undefined.

! Extra alignment tab has been changed to \cr.
<recently read> \endtemplate 
                             
l.25 		5 & 983°C/1h/AC + 950°C/16min/WQ&
                                          5,12& 20,59& 118& 952& 1063& 1,3& ...
You have given more \span or & marks than there were
in the preamble to the \halign or \valign now in progress.
So I'll assume that you meant to type \cr instead.

! Extra alignment tab has been changed to \cr.
<recently read> \endtemplate 
                             
l.25 		5 & 983°C/1h/AC + 950°C/16min/WQ&5,12&
                                                20,59& 118& 952& 1063& 1,3& ...
You have given more \span or & marks than there were
in the preamble to the \halign or \valign now in progress.
So I'll assume that you meant to type \cr instead.

! Extra alignment tab has been changed to \cr.
<recently read> \endtemplate 
                             
l.25 ...83°C/1h/AC + 950°C/16min/WQ&5,12& 20,59&
                                                   118& 952& 1063& 1,3& 1054...
You have given more \span or & marks than there were
in the preamble to the \halign or \valign now in progress.
So I'll assume that you meant to type \cr instead.

! Extra alignment tab has been changed to \cr.
<recently read> \endtemplate 
                             
l.25 .../1h/AC + 950°C/16min/WQ&5,12& 20,59& 118&
                                                   952& 1063& 1,3& 1054 &1,4\\
You have given more \span or & marks than there were
in the preamble to the \halign or \valign now in progress.
So I'll assume that you meant to type \cr instead.

! Extra alignment tab has been changed to \cr.
<recently read> \endtemplate 
                             
l.25 ...C + 950°C/16min/WQ&5,12& 20,59& 118& 952&
                                                   1063& 1,3& 1054 &1,4\\
You have given more \span or & marks than there were
in the preamble to the \halign or \valign now in progress.
So I'll assume that you meant to type \cr instead.

! Extra alignment tab has been changed to \cr.
<recently read> \endtemplate 
                             
l.25 ...0°C/16min/WQ&5,12& 20,59& 118& 952& 1063&
                                                   1,3& 1054 &1,4\\
You have given more \span or & marks than there were
in the preamble to the \halign or \valign now in progress.
So I'll assume that you meant to type \cr instead.

! Extra alignment tab has been changed to \cr.
<recently read> \endtemplate 
                             
l.25 ...16min/WQ&5,12& 20,59& 118& 952& 1063& 1,3&
                                                   1054 &1,4\\
You have given more \span or & marks than there were
in the preamble to the \halign or \valign now in progress.
So I'll assume that you meant to type \cr instead.

! Extra alignment tab has been changed to \cr.
<recently read> \endtemplate 
                             
l.25 ...Q&5,12& 20,59& 118& 952& 1063& 1,3& 1054 &
                                                  1,4\\
You have given more \span or & marks than there were
in the preamble to the \halign or \valign now in progress.
So I'll assume that you meant to type \cr instead.

! Missing \endgroup inserted.
<inserted text> 
                \endgroup 
l.27 	\end{table}
                 
I've inserted something that you may have forgotten.
(See the <inserted text> above.)
With luck, this will get me unwedged. But if you
really didn't forget anything, try typing `2' now; then
my insertion and my current dilemma will both disappear.

! Missing } inserted.
<inserted text> 
                }
l.27 	\end{table}
                 
I've inserted something that you may have forgotten.
(See the <inserted text> above.)
With luck, this will get me unwedged. But if you
really didn't forget anything, try typing `2' now; then
my insertion and my current dilemma will both disappear.

! Missing \cr inserted.
<inserted text> 
                \cr 
l.27 	\end{table}
                 
I'm guessing that you meant to end an alignment here.

! Missing } inserted.
<inserted text> 
                }
l.27 	\end{table}
                 
I've inserted something that you may have forgotten.
(See the <inserted text> above.)
With luck, this will get me unwedged. But if you
really didn't forget anything, try typing `2' now; then
my insertion and my current dilemma will both disappear.

! Missing \cr inserted.
<inserted text> 
                \cr 
l.27 	\end{table}
                 
(That makes 100 errors; please try again.) 
Here is how much of TeX's memory you used:
 18715 strings out of 492484
 361817 string characters out of 3120696
 394232 words of memory out of 3000000
 22794 multiletter control sequences out of 15000+200000
 556439 words of font info for 93 fonts, out of 3000000 for 9000
 1141 hyphenation exceptions out of 8191
 51i,12n,67p,1992b,601s stack positions out of 5000i,500n,10000p,200000b,50000s

!  ==> Fatal error occurred, no output PDF file produced!
